\BOOKMARK [1][-]{section.1}{\376\377\000I\000n\000t\000r\000o\000d\000u\000c\000t\000i\000o\000n}{}% 1
\BOOKMARK [2][-]{subsection.1.1}{\376\377\000M\000o\000t\000i\000v\000a\000t\000i\000n\000g\000\040\000e\000x\000a\000m\000p\000l\000e\000s}{section.1}% 2
\BOOKMARK [3][-]{subsubsection.1.1.1}{\376\377\000C\000o\000n\000s\000t\000r\000a\000i\000n\000e\000d\000\040\000r\000e\000g\000r\000e\000s\000s\000i\000o\000n}{subsection.1.1}% 3
\BOOKMARK [3][-]{subsubsection.1.1.2}{\376\377\000C\000o\000n\000s\000t\000r\000a\000i\000n\000e\000d\000\040\000n\000e\000u\000r\000a\000l\000\040\000n\000e\000t\000w\000o\000r\000k\000s}{subsection.1.1}% 4
\BOOKMARK [2][-]{subsection.1.2}{\376\377\000O\000u\000r\000\040\000c\000o\000n\000t\000r\000i\000b\000u\000t\000i\000o\000n\000s}{section.1}% 5
\BOOKMARK [2][-]{subsection.1.3}{\376\377\000R\000e\000l\000a\000t\000e\000d\000\040\000w\000o\000r\000k\000s}{section.1}% 6
\BOOKMARK [2][-]{subsection.1.4}{\376\377\000S\000t\000r\000u\000c\000t\000u\000r\000e\000\040\000o\000f\000\040\000t\000h\000e\000\040\000p\000a\000p\000e\000r}{section.1}% 7
\BOOKMARK [2][-]{subsection.1.5}{\376\377\000N\000o\000t\000a\000t\000i\000o\000n\000s}{section.1}% 8
\BOOKMARK [1][-]{section.2}{\376\377\000C\000o\000n\000s\000t\000r\000a\000i\000n\000t\000s\000\040\000R\000e\000l\000a\000x\000a\000t\000i\000o\000n\000\040\000a\000n\000d\000\040\000D\000e\000t\000e\000r\000m\000i\000n\000i\000s\000t\000i\000c\000\040\000S\000Q\000P\000\040\000A\000l\000g\000o\000r\000i\000t\000h\000m}{}% 9
\BOOKMARK [1][-]{section.3}{\376\377\000T\000h\000e\000\040\000S\000t\000o\000c\000h\000a\000s\000t\000i\000c\000\040\000R\000e\000l\000a\000x\000e\000d\000\040\000S\000Q\000P\000\040\000A\000l\000g\000o\000r\000i\000t\000h\000m}{}% 10
\BOOKMARK [2][-]{subsection.3.1}{\376\377\000P\000r\000a\000c\000t\000i\000c\000a\000l\000\040\000s\000t\000e\000p\000\040\000s\000i\000z\000e\000\040\000s\000e\000l\000e\000c\000t\000i\000o\000n}{section.3}% 11
\BOOKMARK [1][-]{section.4}{\376\377\000A\000s\000y\000m\000p\000t\000o\000t\000i\000c\000\040\000N\000o\000r\000m\000a\000l\000i\000t\000y\000\040\000a\000n\000d\000\040\000C\000o\000n\000v\000e\000r\000g\000e\000n\000c\000e\000\040\000R\000a\000t\000e}{}% 12
\BOOKMARK [2][-]{subsection.4.1}{\376\377\000A\000\040\000p\000r\000a\000c\000t\000i\000c\000a\000l\000\040\000e\000s\000t\000i\000m\000a\000t\000o\000r\000\040\000o\000f\000\040\000t\000h\000e\000\040\000c\000o\000v\000a\000r\000i\000a\000n\000c\000e\000\040\000m\000a\000t\000r\000i\000x}{section.4}% 13
\BOOKMARK [1][-]{section.5}{\376\377\000E\000x\000p\000e\000r\000i\000m\000e\000n\000t\000s}{}% 14
\BOOKMARK [2][-]{subsection.5.1}{\376\377\000C\000U\000T\000E\000s\000t\000\040\000b\000e\000n\000c\000h\000m\000a\000r\000k\000\040\000p\000r\000o\000b\000l\000e\000m\000s}{section.5}% 15
\BOOKMARK [2][-]{subsection.5.2}{\376\377\000C\000o\000n\000s\000t\000r\000a\000i\000n\000e\000d\000\040\000r\000e\000g\000r\000e\000s\000s\000i\000o\000n\000\040\000p\000r\000o\000b\000l\000e\000m\000s}{section.5}% 16
\BOOKMARK [2][-]{subsection.5.3}{\376\377\000P\000o\000r\000t\000f\000o\000l\000i\000o\000\040\000o\000p\000t\000i\000m\000i\000z\000a\000t\000i\000o\000n\000\040\000p\000r\000o\000b\000l\000e\000m\000s}{section.5}% 17
\BOOKMARK [2][-]{subsection.5.4}{\376\377\000P\000o\000i\000s\000s\000o\000n\000\040\000r\000e\000g\000r\000e\000s\000s\000i\000o\000n\000:\000\040\000C\000h\000i\000c\000a\000g\000o\000\040\000a\000i\000r\000\040\000p\000o\000l\000l\000u\000t\000i\000o\000n\000\040\000a\000n\000d\000\040\000d\000e\000a\000t\000h\000\040\000r\000a\000t\000e\000\040\000d\000a\000t\000a}{section.5}% 18
\BOOKMARK [1][-]{section.6}{\376\377\000C\000o\000n\000c\000l\000u\000s\000i\000o\000n}{}% 19
\BOOKMARK [1][-]{appendix.A}{\376\377\000C\000o\000n\000s\000t\000r\000a\000i\000n\000t\000s\000\040\000R\000e\000l\000a\000x\000a\000t\000i\000o\000n\000\040\000a\000n\000d\000\040\000D\000e\000t\000e\000r\000m\000i\000n\000i\000s\000t\000i\000c\000\040\000A\000l\000g\000o\000r\000i\000t\000h\000m}{}% 20
\BOOKMARK [2][-]{subsection.A.1}{\376\377\000P\000r\000o\000o\000f\000\040\000f\000o\000r\000\040\000P\000r\000o\000p\000o\000s\000i\000t\000i\000o\000n\000\040\0001}{appendix.A}% 21
\BOOKMARK [2][-]{subsection.A.2}{\376\377\000E\000G\000M\000F\000C\000Q\000\040\000a\000n\000d\000\040\000B\000o\000u\000n\000d\000e\000d\000n\000e\000s\000s\000\040\000o\000f\000\040\000L\000a\000g\000r\000a\000n\000g\000i\000a\000n\000\040\000M\000u\000l\000t\000i\000p\000l\000i\000e\000r\000s}{appendix.A}% 22
\BOOKMARK [2][-]{subsection.A.3}{\376\377\000P\000r\000o\000o\000f\000\040\000f\000o\000r\000\040\000T\000h\000e\000o\000r\000e\000m\000\040\0001}{appendix.A}% 23
\BOOKMARK [2][-]{subsection.A.4}{\376\377\000P\000r\000o\000o\000f\000\040\000f\000o\000r\000\040\000L\000e\000m\000m\000a\000\040\0002}{appendix.A}% 24
\BOOKMARK [1][-]{appendix.B}{\376\377\000P\000r\000o\000o\000f\000\040\000f\000o\000r\000\040\000T\000h\000e\000o\000r\000e\000m\000\040\0002\000\040\000a\000n\000d\000\040\0003}{}% 25
\BOOKMARK [2][-]{subsection.B.1}{\376\377\000S\000o\000m\000e\000\040\000T\000e\000c\000h\000n\000i\000c\000a\000l\000\040\000L\000e\000m\000m\000a\000s\000\040\000f\000o\000r\000\040\000T\000h\000e\000o\000r\000e\000m\000\040\0002}{appendix.B}% 26
\BOOKMARK [2][-]{subsection.B.2}{\376\377\000P\000r\000o\000o\000f\000\040\000f\000o\000r\000\040\000T\000h\000e\000o\000r\000e\000m\000\040\0002}{appendix.B}% 27
\BOOKMARK [2][-]{subsection.B.3}{\376\377\000P\000r\000o\000o\000f\000\040\000f\000o\000r\000\040\000T\000h\000e\000o\000r\000e\000m\000\040\0003}{appendix.B}% 28
\BOOKMARK [1][-]{appendix.C}{\376\377\000P\000r\000o\000o\000f\000\040\000f\000o\000r\000\040\000T\000h\000e\000o\000r\000e\000m\000\040\0004}{}% 29
\BOOKMARK [2][-]{subsection.C.1}{\376\377\000P\000r\000o\000o\000f\000\040\000f\000o\000r\000\040\000L\000e\000m\000m\000a\000\040\0003}{appendix.C}% 30
\BOOKMARK [3][-]{subsubsection.C.1.1}{\376\377\000P\000r\000o\000o\000f\000\040\000f\000o\000r\000\040\000C\000o\000n\000c\000l\000u\000s\000i\000o\000n\000\040\0001}{subsection.C.1}% 31
\BOOKMARK [3][-]{subsubsection.C.1.2}{\376\377\000P\000r\000o\000o\000f\000\040\000f\000o\000r\000\040\000C\000o\000n\000c\000l\000u\000s\000i\000o\000n\000\040\0002}{subsection.C.1}% 32
\BOOKMARK [3][-]{subsubsection.C.1.3}{\376\377\000P\000r\000o\000o\000f\000\040\000f\000o\000r\000\040\000C\000o\000n\000d\000i\000t\000i\000o\000n\000\040\0003}{subsection.C.1}% 33
\BOOKMARK [3][-]{subsubsection.C.1.4}{\376\377\000P\000r\000o\000o\000f\000\040\000f\000o\000r\000\040\000C\000o\000n\000c\000l\000u\000s\000i\000o\000n\000\040\0004}{subsection.C.1}% 34
\BOOKMARK [2][-]{subsection.C.2}{\376\377\000P\000r\000o\000o\000f\000\040\000f\000o\000r\000\040\000L\000e\000m\000m\000a\000\040\0004}{appendix.C}% 35
\BOOKMARK [2][-]{subsection.C.3}{\376\377\000P\000r\000o\000o\000f\000\040\000f\000o\000r\000\040\000T\000h\000e\000o\000r\000e\000m\000\040\0004}{appendix.C}% 36
\BOOKMARK [2][-]{subsection.C.4}{\376\377\000P\000r\000o\000o\000f\000\040\000f\000o\000r\000\040\000T\000h\000e\000o\000r\000e\000m\000\040\0005}{appendix.C}% 37
\BOOKMARK [1][-]{section*.14}{\376\377\000R\000e\000f\000e\000r\000e\000n\000c\000e\000s}{}% 38
