This is pdfTeX, Version 3.141592653-2.6-1.40.25 (TeX Live 2023) (preloaded format=pdflatex 2023.9.10)  28 SEP 2023 15:17
entering extended mode
 restricted \write18 enabled.
 file:line:error style messages enabled.
 %&-line parsing enabled.
**main.tex
(./main.tex
LaTeX2e <2022-11-01> patch level 1
L3 programming layer <2023-02-22> (./imsart.cls
Document Class: imsart 2022/04/21 driver class for package imsart.sty
(/usr/local/texlive/2023/texmf-dist/tex/latex/base/article.cls
Document Class: article 2022/07/02 v1.4n Standard LaTeX document class
(/usr/local/texlive/2023/texmf-dist/tex/latex/base/leqno.clo
File: leqno.clo 2016/12/29 v1.2b Standard LaTeX option (left equation numbers)
)
(/usr/local/texlive/2023/texmf-dist/tex/latex/base/size11.clo
File: size11.clo 2022/07/02 v1.4n Standard LaTeX file (size option)
)
\c@part=\count185
\c@section=\count186
\c@subsection=\count187
\c@subsubsection=\count188
\c@paragraph=\count189
\c@subparagraph=\count190
\c@figure=\count191
\c@table=\count192
\abovecaptionskip=\skip48
\belowcaptionskip=\skip49
\bibindent=\dimen140
) (./imsart.sty
File: imsart.sty 2023/05/19 IMS article style

(/usr/local/texlive/2023/texmf-dist/tex/latex/etoolbox/etoolbox.sty
Package: etoolbox 2020/10/05 v2.5k e-TeX tools for LaTeX (JAW)
\etb@tempcnta=\count193
)
No file imsart.cnf.
(/usr/local/texlive/2023/texmf-dist/tex/latex/base/leqno.clo
File: leqno.clo 2016/12/29 v1.2b Standard LaTeX option (left equation numbers)
)
\c@firstpage=\count194
\c@lastpage=\count195
\c@thanks=\count196
\c@addressref=\count197

(/usr/local/texlive/2023/texmf-dist/tex/latex/graphics/keyval.sty
Package: keyval 2022/05/29 v1.15 key=value parser (DPC)
\KV@toks@=\toks16
)
\c@emailref=\count198

(/usr/local/texlive/2023/texmf-dist/tex/generic/iftex/ifpdf.sty
Package: ifpdf 2019/10/25 v3.4 ifpdf legacy package. Use iftex instead.

(/usr/local/texlive/2023/texmf-dist/tex/generic/iftex/iftex.sty
Package: iftex 2022/02/03 v1.0f TeX engine tests
))
\tablewidth=\dimen141
\c@tabnote=\count199
\tabnotestoks=\toks17
\c@author=\count266
\c@address=\count267
\sv@mathsurround=\dimen142
\sv@parindent=\dimen143
\fm@box=\box51
\fm@size=\dimen144
\t@xtheight=\dimen145
\abstract@box=\box52
\keyword@box=\box53
\pre@kwd@depth=\dimen146
\keyword@toks=\toks18

(/usr/local/texlive/2023/texmf-dist/tex/latex/base/fontenc.sty
Package: fontenc 2021/04/29 v2.0v Standard LaTeX package
)
(/usr/local/texlive/2023/texmf-dist/tex/latex/psnfss/times.sty
Package: times 2020/03/25 PSNFSS-v9.3 (SPQR) 
)
(/usr/local/texlive/2023/texmf-dist/tex/latex/psnfss/helvet.sty
Package: helvet 2020/03/25 PSNFSS-v9.3 (WaS) 
)
(/usr/local/texlive/2023/texmf-dist/tex/latex/base/textcomp.sty
Package: textcomp 2020/02/02 v2.0n Standard LaTeX package
)
(/usr/local/texlive/2023/texmf-dist/tex/latex/textcase/textcase.sty
Package: textcase 2022/07/10 v1.03 Text only upper/lower case changing (DPC)
Package textcase Info: Defining Legacy names on input line 20.
)
LaTeX Font Info:    Trying to load font information for T1+ptm on input line 28
67.

(/usr/local/texlive/2023/texmf-dist/tex/latex/psnfss/t1ptm.fd
File: t1ptm.fd 2001/06/04 font definitions for T1/ptm.
)
\c@longlist=\count268
\mathindent=\skip50
\authors@list=\toks19
\keywords@list=\toks20

No file imsart-aos.cnf.
No file imsart-vtex.cnf.
)) (/usr/local/texlive/2023/texmf-dist/tex/latex/amscls/amsthm.sty
Package: amsthm 2020/05/29 v2.20.6
\thm@style=\toks21
\thm@bodyfont=\toks22
\thm@headfont=\toks23
\thm@notefont=\toks24
\thm@headpunct=\toks25
\thm@preskip=\skip51
\thm@postskip=\skip52
\thm@headsep=\skip53
\dth@everypar=\toks26
)
(/usr/local/texlive/2023/texmf-dist/tex/latex/amsmath/amsmath.sty
Package: amsmath 2022/04/08 v2.17n AMS math features
\@mathmargin=\skip54

For additional information on amsmath, use the `?' option.
(/usr/local/texlive/2023/texmf-dist/tex/latex/amsmath/amstext.sty
Package: amstext 2021/08/26 v2.01 AMS text

(/usr/local/texlive/2023/texmf-dist/tex/latex/amsmath/amsgen.sty
File: amsgen.sty 1999/11/30 v2.0 generic functions
\@emptytoks=\toks27
\ex@=\dimen147
))
(/usr/local/texlive/2023/texmf-dist/tex/latex/amsmath/amsbsy.sty
Package: amsbsy 1999/11/29 v1.2d Bold Symbols
\pmbraise@=\dimen148
)
(/usr/local/texlive/2023/texmf-dist/tex/latex/amsmath/amsopn.sty
Package: amsopn 2022/04/08 v2.04 operator names
)
\inf@bad=\count269
LaTeX Info: Redefining \frac on input line 234.
\uproot@=\count270
\leftroot@=\count271
LaTeX Info: Redefining \overline on input line 399.
LaTeX Info: Redefining \colon on input line 410.
\classnum@=\count272
\DOTSCASE@=\count273
LaTeX Info: Redefining \ldots on input line 496.
LaTeX Info: Redefining \dots on input line 499.
LaTeX Info: Redefining \cdots on input line 620.
\Mathstrutbox@=\box54
\strutbox@=\box55
LaTeX Info: Redefining \big on input line 722.
LaTeX Info: Redefining \Big on input line 723.
LaTeX Info: Redefining \bigg on input line 724.
LaTeX Info: Redefining \Bigg on input line 725.
\big@size=\dimen149
LaTeX Font Info:    Redeclaring font encoding OML on input line 743.
LaTeX Font Info:    Redeclaring font encoding OMS on input line 744.
\macc@depth=\count274
LaTeX Info: Redefining \bmod on input line 905.
LaTeX Info: Redefining \pmod on input line 910.
LaTeX Info: Redefining \smash on input line 940.
LaTeX Info: Redefining \relbar on input line 970.
LaTeX Info: Redefining \Relbar on input line 971.
\c@MaxMatrixCols=\count275
\dotsspace@=\muskip16
\c@parentequation=\count276
\dspbrk@lvl=\count277
\tag@help=\toks28
\row@=\count278
\column@=\count279
\maxfields@=\count280
\andhelp@=\toks29
\eqnshift@=\dimen150
\alignsep@=\dimen151
\tagshift@=\dimen152
\tagwidth@=\dimen153
\totwidth@=\dimen154
\lineht@=\dimen155
\@envbody=\toks30
\multlinegap=\skip55
\multlinetaggap=\skip56
\mathdisplay@stack=\toks31
LaTeX Info: Redefining \[ on input line 2953.
LaTeX Info: Redefining \] on input line 2954.
)
(/usr/local/texlive/2023/texmf-dist/tex/latex/amsfonts/amsfonts.sty
Package: amsfonts 2013/01/14 v3.01 Basic AMSFonts support
\symAMSa=\mathgroup4
\symAMSb=\mathgroup5
LaTeX Font Info:    Redeclaring math symbol \hbar on input line 98.
LaTeX Font Info:    Overwriting math alphabet `\mathfrak' in version `bold'
(Font)                  U/euf/m/n --> U/euf/b/n on input line 106.
)
(/usr/local/texlive/2023/texmf-dist/tex/latex/amsfonts/amssymb.sty
Package: amssymb 2013/01/14 v3.01 AMS font symbols
)
(/usr/local/texlive/2023/texmf-dist/tex/latex/natbib/natbib.sty
Package: natbib 2010/09/13 8.31b (PWD, AO)
\bibhang=\skip57
\bibsep=\skip58
LaTeX Info: Redefining \cite on input line 694.
\c@NAT@ctr=\count281
)
(/usr/local/texlive/2023/texmf-dist/tex/latex/tools/bm.sty
Package: bm 2022/01/05 v1.2f Bold Symbol Support (DPC/FMi)
\symboldoperators=\mathgroup6
\symboldletters=\mathgroup7
\symboldsymbols=\mathgroup8
Package bm Info: No bold for \OMX/cmex/m/n, using \pmb.
Package bm Info: No bold for \U/msa/m/n, using \pmb.
Package bm Info: No bold for \U/msb/m/n, using \pmb.
LaTeX Font Info:    Redeclaring math alphabet \mathbf on input line 149.
)
(/usr/local/texlive/2023/texmf-dist/tex/latex/algorithms/algorithm.sty
Package: algorithm 2009/08/24 v0.1 Document Style `algorithm' - floating enviro
nment

(/usr/local/texlive/2023/texmf-dist/tex/latex/float/float.sty
Package: float 2001/11/08 v1.3d Float enhancements (AL)
\c@float@type=\count282
\float@exts=\toks32
\float@box=\box56
\@float@everytoks=\toks33
\@floatcapt=\box57
)
(/usr/local/texlive/2023/texmf-dist/tex/latex/base/ifthen.sty
Package: ifthen 2022/04/13 v1.1d Standard LaTeX ifthen package (DPC)
)
\@float@every@algorithm=\toks34
\c@algorithm=\count283
)
(/usr/local/texlive/2023/texmf-dist/tex/latex/algorithms/algorithmic.sty
Package: algorithmic 2009/08/24 v0.1 Document Style `algorithmic'
\c@ALC@unique=\count284
\c@ALC@line=\count285
\c@ALC@rem=\count286
\c@ALC@depth=\count287
\ALC@tlm=\skip59
\algorithmicindent=\skip60
)
(/usr/local/texlive/2023/texmf-dist/tex/latex/multirow/multirow.sty
Package: multirow 2021/03/15 v2.8 Span multiple rows of a table
\multirow@colwidth=\skip61
\multirow@cntb=\count288
\multirow@dima=\skip62
\bigstrutjot=\dimen156
)
(/usr/local/texlive/2023/texmf-dist/tex/latex/graphics/graphicx.sty
Package: graphicx 2021/09/16 v1.2d Enhanced LaTeX Graphics (DPC,SPQR)

(/usr/local/texlive/2023/texmf-dist/tex/latex/graphics/graphics.sty
Package: graphics 2022/03/10 v1.4e Standard LaTeX Graphics (DPC,SPQR)

(/usr/local/texlive/2023/texmf-dist/tex/latex/graphics/trig.sty
Package: trig 2021/08/11 v1.11 sin cos tan (DPC)
)
(/usr/local/texlive/2023/texmf-dist/tex/latex/graphics-cfg/graphics.cfg
File: graphics.cfg 2016/06/04 v1.11 sample graphics configuration
)
Package graphics Info: Driver file: pdftex.def on input line 107.

(/usr/local/texlive/2023/texmf-dist/tex/latex/graphics-def/pdftex.def
File: pdftex.def 2022/09/22 v1.2b Graphics/color driver for pdftex
))
\Gin@req@height=\dimen157
\Gin@req@width=\dimen158
)
(/usr/local/texlive/2023/texmf-dist/tex/latex/subfig/subfig.sty
Package: subfig 2005/06/28 ver: 1.3 subfig package

(/usr/local/texlive/2023/texmf-dist/tex/latex/caption/caption.sty
Package: caption 2023/03/12 v3.6j Customizing captions (AR)

(/usr/local/texlive/2023/texmf-dist/tex/latex/caption/caption3.sty
Package: caption3 2023/03/12 v2.4 caption3 kernel (AR)
\caption@tempdima=\dimen159
\captionmargin=\dimen160
\caption@leftmargin=\dimen161
\caption@rightmargin=\dimen162
\caption@width=\dimen163
\caption@indent=\dimen164
\caption@parindent=\dimen165
\caption@hangindent=\dimen166
Package caption Info: Unknown document class (or package),
(caption)             standard defaults will be used.
Package caption Info: \@makecaption = \long macro:#1#2->\vskip \abovecaptionski
p \figurecaption@size \sbox \@tempboxa {{\figurename@size #1}\figurename@skip #
2}\ifdim \wd \@tempboxa >\hsize {\figurename@size #1}\figurename@skip #2\par \e
lse \global \@minipagefalse \hb@xt@ \hsize {\hfil \box \@tempboxa \hfil }\fi \v
skip \belowcaptionskip  on input line 1176.
)

Package caption Warning: Unknown document class (or package),
(caption)                standard defaults will be used.
See the caption package documentation for explanation.

\c@caption@flags=\count289
\c@continuedfloat=\count290
Package caption Info: float package is loaded.
)
\c@KVtest=\count291
\sf@farskip=\skip63
\sf@captopadj=\dimen167
\sf@capskip=\skip64
\sf@nearskip=\skip65
\c@subfigure=\count292
\c@subfigure@save=\count293
\c@lofdepth=\count294
\c@subtable=\count295
\c@subtable@save=\count296
\c@lotdepth=\count297
\sf@top=\skip66
\sf@bottom=\skip67
) (/usr/local/texlive/2023/texmf-dist/tex/latex/hyperref/hyperref.sty
Package: hyperref 2023-02-07 v7.00v Hypertext links for LaTeX

(/usr/local/texlive/2023/texmf-dist/tex/generic/ltxcmds/ltxcmds.sty
Package: ltxcmds 2020-05-10 v1.25 LaTeX kernel commands for general use (HO)
)
(/usr/local/texlive/2023/texmf-dist/tex/generic/pdftexcmds/pdftexcmds.sty
Package: pdftexcmds 2020-06-27 v0.33 Utility functions of pdfTeX for LuaTeX (HO
)

(/usr/local/texlive/2023/texmf-dist/tex/generic/infwarerr/infwarerr.sty
Package: infwarerr 2019/12/03 v1.5 Providing info/warning/error messages (HO)
)
Package pdftexcmds Info: \pdf@primitive is available.
Package pdftexcmds Info: \pdf@ifprimitive is available.
Package pdftexcmds Info: \pdfdraftmode found.
)
(/usr/local/texlive/2023/texmf-dist/tex/latex/kvsetkeys/kvsetkeys.sty
Package: kvsetkeys 2022-10-05 v1.19 Key value parser (HO)
)
(/usr/local/texlive/2023/texmf-dist/tex/generic/kvdefinekeys/kvdefinekeys.sty
Package: kvdefinekeys 2019-12-19 v1.6 Define keys (HO)
)
(/usr/local/texlive/2023/texmf-dist/tex/generic/pdfescape/pdfescape.sty
Package: pdfescape 2019/12/09 v1.15 Implements pdfTeX's escape features (HO)
)
(/usr/local/texlive/2023/texmf-dist/tex/latex/hycolor/hycolor.sty
Package: hycolor 2020-01-27 v1.10 Color options for hyperref/bookmark (HO)
)
(/usr/local/texlive/2023/texmf-dist/tex/latex/letltxmacro/letltxmacro.sty
Package: letltxmacro 2019/12/03 v1.6 Let assignment for LaTeX macros (HO)
)
(/usr/local/texlive/2023/texmf-dist/tex/latex/auxhook/auxhook.sty
Package: auxhook 2019-12-17 v1.6 Hooks for auxiliary files (HO)
)
(/usr/local/texlive/2023/texmf-dist/tex/latex/hyperref/nameref.sty
Package: nameref 2022-05-17 v2.50 Cross-referencing by name of section

(/usr/local/texlive/2023/texmf-dist/tex/latex/refcount/refcount.sty
Package: refcount 2019/12/15 v3.6 Data extraction from label references (HO)
)
(/usr/local/texlive/2023/texmf-dist/tex/generic/gettitlestring/gettitlestring.s
ty
Package: gettitlestring 2019/12/15 v1.6 Cleanup title references (HO)
 (/usr/local/texlive/2023/texmf-dist/tex/latex/kvoptions/kvoptions.sty
Package: kvoptions 2022-06-15 v3.15 Key value format for package options (HO)
))
\c@section@level=\count298
)
\@linkdim=\dimen168
\Hy@linkcounter=\count299
\Hy@pagecounter=\count300

(/usr/local/texlive/2023/texmf-dist/tex/latex/hyperref/pd1enc.def
File: pd1enc.def 2023-02-07 v7.00v Hyperref: PDFDocEncoding definition (HO)
Now handling font encoding PD1 ...
... no UTF-8 mapping file for font encoding PD1
)
(/usr/local/texlive/2023/texmf-dist/tex/generic/intcalc/intcalc.sty
Package: intcalc 2019/12/15 v1.3 Expandable calculations with integers (HO)
)
(/usr/local/texlive/2023/texmf-dist/tex/generic/etexcmds/etexcmds.sty
Package: etexcmds 2019/12/15 v1.7 Avoid name clashes with e-TeX commands (HO)
)
\Hy@SavedSpaceFactor=\count301

(/usr/local/texlive/2023/texmf-dist/tex/latex/hyperref/puenc.def
File: puenc.def 2023-02-07 v7.00v Hyperref: PDF Unicode definition (HO)
Now handling font encoding PU ...
... no UTF-8 mapping file for font encoding PU
)
Package hyperref Info: Option `colorlinks' set `true' on input line 4060.
Package hyperref Info: Option `linktocpage' set `true' on input line 4060.
Package hyperref Info: Hyper figures OFF on input line 4177.
Package hyperref Info: Link nesting OFF on input line 4182.
Package hyperref Info: Hyper index ON on input line 4185.
Package hyperref Info: Plain pages OFF on input line 4192.
Package hyperref Info: Backreferencing OFF on input line 4197.
Package hyperref Info: Implicit mode ON; LaTeX internals redefined.
Package hyperref Info: Bookmarks ON on input line 4425.
\c@Hy@tempcnt=\count302

(/usr/local/texlive/2023/texmf-dist/tex/latex/url/url.sty
\Urlmuskip=\muskip17
Package: url 2013/09/16  ver 3.4  Verb mode for urls, etc.
)
LaTeX Info: Redefining \url on input line 4763.
\XeTeXLinkMargin=\dimen169

(/usr/local/texlive/2023/texmf-dist/tex/generic/bitset/bitset.sty
Package: bitset 2019/12/09 v1.3 Handle bit-vector datatype (HO)

(/usr/local/texlive/2023/texmf-dist/tex/generic/bigintcalc/bigintcalc.sty
Package: bigintcalc 2019/12/15 v1.5 Expandable calculations on big integers (HO
)
))
\Fld@menulength=\count303
\Field@Width=\dimen170
\Fld@charsize=\dimen171
Package hyperref Info: Hyper figures OFF on input line 6042.
Package hyperref Info: Link nesting OFF on input line 6047.
Package hyperref Info: Hyper index ON on input line 6050.
Package hyperref Info: backreferencing OFF on input line 6057.
Package hyperref Info: Link coloring ON on input line 6060.
Package hyperref Info: Link coloring with OCG OFF on input line 6067.
Package hyperref Info: PDF/A mode OFF on input line 6072.

(/usr/local/texlive/2023/texmf-dist/tex/latex/base/atbegshi-ltx.sty
Package: atbegshi-ltx 2021/01/10 v1.0c Emulation of the original atbegshi
package with kernel methods
)
\Hy@abspage=\count304
\c@Item=\count305
\c@Hfootnote=\count306
)
Package hyperref Info: Driver (autodetected): hpdftex.

(/usr/local/texlive/2023/texmf-dist/tex/latex/hyperref/hpdftex.def
File: hpdftex.def 2023-02-07 v7.00v Hyperref driver for pdfTeX

(/usr/local/texlive/2023/texmf-dist/tex/latex/base/atveryend-ltx.sty
Package: atveryend-ltx 2020/08/19 v1.0a Emulation of the original atveryend pac
kage
with kernel methods
)
\Fld@listcount=\count307
\c@bookmark@seq@number=\count308

(/usr/local/texlive/2023/texmf-dist/tex/latex/rerunfilecheck/rerunfilecheck.sty
Package: rerunfilecheck 2022-07-10 v1.10 Rerun checks for auxiliary files (HO)

(/usr/local/texlive/2023/texmf-dist/tex/generic/uniquecounter/uniquecounter.sty
Package: uniquecounter 2019/12/15 v1.4 Provide unlimited unique counter (HO)
)
Package uniquecounter Info: New unique counter `rerunfilecheck' on input line 2
85.
)
\Hy@SectionHShift=\skip68
) (/usr/local/texlive/2023/texmf-dist/tex/latex/braket/braket.sty)
(/usr/local/texlive/2023/texmf-dist/tex/latex/tools/array.sty
Package: array 2022/09/04 v2.5g Tabular extension package (FMi)
\col@sep=\dimen172
\ar@mcellbox=\box58
\extrarowheight=\dimen173
\NC@list=\toks35
\extratabsurround=\skip69
\backup@length=\skip70
\ar@cellbox=\box59
)
(/usr/local/texlive/2023/texmf-dist/tex/latex/pgfplots/pgfplots.sty
(/usr/local/texlive/2023/texmf-dist/tex/generic/pgfplots/pgfplots.revision.tex)
Package: pgfplots 2021/05/15 v1.18.1 Data Visualization (1.18.1)
(/usr/local/texlive/2023/texmf-dist/tex/latex/pgf/frontendlayer/tikz.sty
(/usr/local/texlive/2023/texmf-dist/tex/latex/pgf/basiclayer/pgf.sty
(/usr/local/texlive/2023/texmf-dist/tex/latex/pgf/utilities/pgfrcs.sty
(/usr/local/texlive/2023/texmf-dist/tex/generic/pgf/utilities/pgfutil-common.te
x
\pgfutil@everybye=\toks36
\pgfutil@tempdima=\dimen174
\pgfutil@tempdimb=\dimen175
)
(/usr/local/texlive/2023/texmf-dist/tex/generic/pgf/utilities/pgfutil-latex.def
\pgfutil@abb=\box60
) (/usr/local/texlive/2023/texmf-dist/tex/generic/pgf/utilities/pgfrcs.code.tex
(/usr/local/texlive/2023/texmf-dist/tex/generic/pgf/pgf.revision.tex)
Package: pgfrcs 2023-01-15 v3.1.10 (3.1.10)
))
Package: pgf 2023-01-15 v3.1.10 (3.1.10)

(/usr/local/texlive/2023/texmf-dist/tex/latex/pgf/basiclayer/pgfcore.sty
(/usr/local/texlive/2023/texmf-dist/tex/latex/pgf/systemlayer/pgfsys.sty
(/usr/local/texlive/2023/texmf-dist/tex/generic/pgf/systemlayer/pgfsys.code.tex
Package: pgfsys 2023-01-15 v3.1.10 (3.1.10)
(/usr/local/texlive/2023/texmf-dist/tex/generic/pgf/utilities/pgfkeys.code.tex
\pgfkeys@pathtoks=\toks37
\pgfkeys@temptoks=\toks38

(/usr/local/texlive/2023/texmf-dist/tex/generic/pgf/utilities/pgfkeyslibraryfil
tered.code.tex
\pgfkeys@tmptoks=\toks39
))
\pgf@x=\dimen176
\pgf@y=\dimen177
\pgf@xa=\dimen178
\pgf@ya=\dimen179
\pgf@xb=\dimen180
\pgf@yb=\dimen181
\pgf@xc=\dimen182
\pgf@yc=\dimen183
\pgf@xd=\dimen184
\pgf@yd=\dimen185
\w@pgf@writea=\write3
\r@pgf@reada=\read2
\c@pgf@counta=\count309
\c@pgf@countb=\count310
\c@pgf@countc=\count311
\c@pgf@countd=\count312
\t@pgf@toka=\toks40
\t@pgf@tokb=\toks41
\t@pgf@tokc=\toks42
\pgf@sys@id@count=\count313

(/usr/local/texlive/2023/texmf-dist/tex/generic/pgf/systemlayer/pgf.cfg
File: pgf.cfg 2023-01-15 v3.1.10 (3.1.10)
)
Driver file for pgf: pgfsys-pdftex.def

(/usr/local/texlive/2023/texmf-dist/tex/generic/pgf/systemlayer/pgfsys-pdftex.d
ef
File: pgfsys-pdftex.def 2023-01-15 v3.1.10 (3.1.10)

(/usr/local/texlive/2023/texmf-dist/tex/generic/pgf/systemlayer/pgfsys-common-p
df.def
File: pgfsys-common-pdf.def 2023-01-15 v3.1.10 (3.1.10)
)))
(/usr/local/texlive/2023/texmf-dist/tex/generic/pgf/systemlayer/pgfsyssoftpath.
code.tex
File: pgfsyssoftpath.code.tex 2023-01-15 v3.1.10 (3.1.10)
\pgfsyssoftpath@smallbuffer@items=\count314
\pgfsyssoftpath@bigbuffer@items=\count315
)
(/usr/local/texlive/2023/texmf-dist/tex/generic/pgf/systemlayer/pgfsysprotocol.
code.tex
File: pgfsysprotocol.code.tex 2023-01-15 v3.1.10 (3.1.10)
)) (/usr/local/texlive/2023/texmf-dist/tex/latex/xcolor/xcolor.sty
Package: xcolor 2022/06/12 v2.14 LaTeX color extensions (UK)

(/usr/local/texlive/2023/texmf-dist/tex/latex/graphics-cfg/color.cfg
File: color.cfg 2016/01/02 v1.6 sample color configuration
)
Package xcolor Info: Driver file: pdftex.def on input line 227.

(/usr/local/texlive/2023/texmf-dist/tex/latex/graphics/mathcolor.ltx)
Package xcolor Info: Model `cmy' substituted by `cmy0' on input line 1353.
Package xcolor Info: Model `hsb' substituted by `rgb' on input line 1357.
Package xcolor Info: Model `RGB' extended on input line 1369.
Package xcolor Info: Model `HTML' substituted by `rgb' on input line 1371.
Package xcolor Info: Model `Hsb' substituted by `hsb' on input line 1372.
Package xcolor Info: Model `tHsb' substituted by `hsb' on input line 1373.
Package xcolor Info: Model `HSB' substituted by `hsb' on input line 1374.
Package xcolor Info: Model `Gray' substituted by `gray' on input line 1375.
Package xcolor Info: Model `wave' substituted by `hsb' on input line 1376.
)
(/usr/local/texlive/2023/texmf-dist/tex/generic/pgf/basiclayer/pgfcore.code.tex
Package: pgfcore 2023-01-15 v3.1.10 (3.1.10)
(/usr/local/texlive/2023/texmf-dist/tex/generic/pgf/math/pgfmath.code.tex
(/usr/local/texlive/2023/texmf-dist/tex/generic/pgf/math/pgfmathutil.code.tex)
(/usr/local/texlive/2023/texmf-dist/tex/generic/pgf/math/pgfmathparser.code.tex
\pgfmath@dimen=\dimen186
\pgfmath@count=\count316
\pgfmath@box=\box61
\pgfmath@toks=\toks43
\pgfmath@stack@operand=\toks44
\pgfmath@stack@operation=\toks45
)
(/usr/local/texlive/2023/texmf-dist/tex/generic/pgf/math/pgfmathfunctions.code.
tex)
(/usr/local/texlive/2023/texmf-dist/tex/generic/pgf/math/pgfmathfunctions.basic
.code.tex)
(/usr/local/texlive/2023/texmf-dist/tex/generic/pgf/math/pgfmathfunctions.trigo
nometric.code.tex)
(/usr/local/texlive/2023/texmf-dist/tex/generic/pgf/math/pgfmathfunctions.rando
m.code.tex)
(/usr/local/texlive/2023/texmf-dist/tex/generic/pgf/math/pgfmathfunctions.compa
rison.code.tex)
(/usr/local/texlive/2023/texmf-dist/tex/generic/pgf/math/pgfmathfunctions.base.
code.tex)
(/usr/local/texlive/2023/texmf-dist/tex/generic/pgf/math/pgfmathfunctions.round
.code.tex)
(/usr/local/texlive/2023/texmf-dist/tex/generic/pgf/math/pgfmathfunctions.misc.
code.tex)
(/usr/local/texlive/2023/texmf-dist/tex/generic/pgf/math/pgfmathfunctions.integ
erarithmetics.code.tex)
(/usr/local/texlive/2023/texmf-dist/tex/generic/pgf/math/pgfmathcalc.code.tex)
(/usr/local/texlive/2023/texmf-dist/tex/generic/pgf/math/pgfmathfloat.code.tex
\c@pgfmathroundto@lastzeros=\count317
)) (/usr/local/texlive/2023/texmf-dist/tex/generic/pgf/math/pgfint.code.tex)
(/usr/local/texlive/2023/texmf-dist/tex/generic/pgf/basiclayer/pgfcorepoints.co
de.tex
File: pgfcorepoints.code.tex 2023-01-15 v3.1.10 (3.1.10)
\pgf@picminx=\dimen187
\pgf@picmaxx=\dimen188
\pgf@picminy=\dimen189
\pgf@picmaxy=\dimen190
\pgf@pathminx=\dimen191
\pgf@pathmaxx=\dimen192
\pgf@pathminy=\dimen193
\pgf@pathmaxy=\dimen194
\pgf@xx=\dimen195
\pgf@xy=\dimen196
\pgf@yx=\dimen197
\pgf@yy=\dimen198
\pgf@zx=\dimen199
\pgf@zy=\dimen256
)
(/usr/local/texlive/2023/texmf-dist/tex/generic/pgf/basiclayer/pgfcorepathconst
ruct.code.tex
File: pgfcorepathconstruct.code.tex 2023-01-15 v3.1.10 (3.1.10)
\pgf@path@lastx=\dimen257
\pgf@path@lasty=\dimen258
)
(/usr/local/texlive/2023/texmf-dist/tex/generic/pgf/basiclayer/pgfcorepathusage
.code.tex
File: pgfcorepathusage.code.tex 2023-01-15 v3.1.10 (3.1.10)
\pgf@shorten@end@additional=\dimen259
\pgf@shorten@start@additional=\dimen260
)
(/usr/local/texlive/2023/texmf-dist/tex/generic/pgf/basiclayer/pgfcorescopes.co
de.tex
File: pgfcorescopes.code.tex 2023-01-15 v3.1.10 (3.1.10)
\pgfpic=\box62
\pgf@hbox=\box63
\pgf@layerbox@main=\box64
\pgf@picture@serial@count=\count318
)
(/usr/local/texlive/2023/texmf-dist/tex/generic/pgf/basiclayer/pgfcoregraphicst
ate.code.tex
File: pgfcoregraphicstate.code.tex 2023-01-15 v3.1.10 (3.1.10)
\pgflinewidth=\dimen261
)
(/usr/local/texlive/2023/texmf-dist/tex/generic/pgf/basiclayer/pgfcoretransform
ations.code.tex
File: pgfcoretransformations.code.tex 2023-01-15 v3.1.10 (3.1.10)
\pgf@pt@x=\dimen262
\pgf@pt@y=\dimen263
\pgf@pt@temp=\dimen264
)
(/usr/local/texlive/2023/texmf-dist/tex/generic/pgf/basiclayer/pgfcorequick.cod
e.tex
File: pgfcorequick.code.tex 2023-01-15 v3.1.10 (3.1.10)
)
(/usr/local/texlive/2023/texmf-dist/tex/generic/pgf/basiclayer/pgfcoreobjects.c
ode.tex
File: pgfcoreobjects.code.tex 2023-01-15 v3.1.10 (3.1.10)
)
(/usr/local/texlive/2023/texmf-dist/tex/generic/pgf/basiclayer/pgfcorepathproce
ssing.code.tex
File: pgfcorepathprocessing.code.tex 2023-01-15 v3.1.10 (3.1.10)
)
(/usr/local/texlive/2023/texmf-dist/tex/generic/pgf/basiclayer/pgfcorearrows.co
de.tex
File: pgfcorearrows.code.tex 2023-01-15 v3.1.10 (3.1.10)
\pgfarrowsep=\dimen265
)
(/usr/local/texlive/2023/texmf-dist/tex/generic/pgf/basiclayer/pgfcoreshade.cod
e.tex
File: pgfcoreshade.code.tex 2023-01-15 v3.1.10 (3.1.10)
\pgf@max=\dimen266
\pgf@sys@shading@range@num=\count319
\pgf@shadingcount=\count320
)
(/usr/local/texlive/2023/texmf-dist/tex/generic/pgf/basiclayer/pgfcoreimage.cod
e.tex
File: pgfcoreimage.code.tex 2023-01-15 v3.1.10 (3.1.10)
)
(/usr/local/texlive/2023/texmf-dist/tex/generic/pgf/basiclayer/pgfcoreexternal.
code.tex
File: pgfcoreexternal.code.tex 2023-01-15 v3.1.10 (3.1.10)
\pgfexternal@startupbox=\box65
)
(/usr/local/texlive/2023/texmf-dist/tex/generic/pgf/basiclayer/pgfcorelayers.co
de.tex
File: pgfcorelayers.code.tex 2023-01-15 v3.1.10 (3.1.10)
)
(/usr/local/texlive/2023/texmf-dist/tex/generic/pgf/basiclayer/pgfcoretranspare
ncy.code.tex
File: pgfcoretransparency.code.tex 2023-01-15 v3.1.10 (3.1.10)
)
(/usr/local/texlive/2023/texmf-dist/tex/generic/pgf/basiclayer/pgfcorepatterns.
code.tex
File: pgfcorepatterns.code.tex 2023-01-15 v3.1.10 (3.1.10)
)
(/usr/local/texlive/2023/texmf-dist/tex/generic/pgf/basiclayer/pgfcorerdf.code.
tex
File: pgfcorerdf.code.tex 2023-01-15 v3.1.10 (3.1.10)
)))
(/usr/local/texlive/2023/texmf-dist/tex/generic/pgf/modules/pgfmoduleshapes.cod
e.tex
File: pgfmoduleshapes.code.tex 2023-01-15 v3.1.10 (3.1.10)
\pgfnodeparttextbox=\box66
)
(/usr/local/texlive/2023/texmf-dist/tex/generic/pgf/modules/pgfmoduleplot.code.
tex
File: pgfmoduleplot.code.tex 2023-01-15 v3.1.10 (3.1.10)
)
(/usr/local/texlive/2023/texmf-dist/tex/latex/pgf/compatibility/pgfcomp-version
-0-65.sty
Package: pgfcomp-version-0-65 2023-01-15 v3.1.10 (3.1.10)
\pgf@nodesepstart=\dimen267
\pgf@nodesepend=\dimen268
)
(/usr/local/texlive/2023/texmf-dist/tex/latex/pgf/compatibility/pgfcomp-version
-1-18.sty
Package: pgfcomp-version-1-18 2023-01-15 v3.1.10 (3.1.10)
))
(/usr/local/texlive/2023/texmf-dist/tex/latex/pgf/utilities/pgffor.sty
(/usr/local/texlive/2023/texmf-dist/tex/latex/pgf/utilities/pgfkeys.sty
(/usr/local/texlive/2023/texmf-dist/tex/generic/pgf/utilities/pgfkeys.code.tex)
) (/usr/local/texlive/2023/texmf-dist/tex/latex/pgf/math/pgfmath.sty
(/usr/local/texlive/2023/texmf-dist/tex/generic/pgf/math/pgfmath.code.tex))
(/usr/local/texlive/2023/texmf-dist/tex/generic/pgf/utilities/pgffor.code.tex
Package: pgffor 2023-01-15 v3.1.10 (3.1.10)
\pgffor@iter=\dimen269
\pgffor@skip=\dimen270
\pgffor@stack=\toks46
\pgffor@toks=\toks47
))
(/usr/local/texlive/2023/texmf-dist/tex/generic/pgf/frontendlayer/tikz/tikz.cod
e.tex
Package: tikz 2023-01-15 v3.1.10 (3.1.10)

(/usr/local/texlive/2023/texmf-dist/tex/generic/pgf/libraries/pgflibraryplothan
dlers.code.tex
File: pgflibraryplothandlers.code.tex 2023-01-15 v3.1.10 (3.1.10)
\pgf@plot@mark@count=\count321
\pgfplotmarksize=\dimen271
)
\tikz@lastx=\dimen272
\tikz@lasty=\dimen273
\tikz@lastxsaved=\dimen274
\tikz@lastysaved=\dimen275
\tikz@lastmovetox=\dimen276
\tikz@lastmovetoy=\dimen277
\tikzleveldistance=\dimen278
\tikzsiblingdistance=\dimen279
\tikz@figbox=\box67
\tikz@figbox@bg=\box68
\tikz@tempbox=\box69
\tikz@tempbox@bg=\box70
\tikztreelevel=\count322
\tikznumberofchildren=\count323
\tikznumberofcurrentchild=\count324
\tikz@fig@count=\count325

(/usr/local/texlive/2023/texmf-dist/tex/generic/pgf/modules/pgfmodulematrix.cod
e.tex
File: pgfmodulematrix.code.tex 2023-01-15 v3.1.10 (3.1.10)
\pgfmatrixcurrentrow=\count326
\pgfmatrixcurrentcolumn=\count327
\pgf@matrix@numberofcolumns=\count328
)
\tikz@expandcount=\count329

(/usr/local/texlive/2023/texmf-dist/tex/generic/pgf/frontendlayer/tikz/librarie
s/tikzlibrarytopaths.code.tex
File: tikzlibrarytopaths.code.tex 2023-01-15 v3.1.10 (3.1.10)
)))
(/usr/local/texlive/2023/texmf-dist/tex/generic/pgfplots/pgfplots.code.tex
(/usr/local/texlive/2023/texmf-dist/tex/generic/pgfplots/pgfplotscore.code.tex
\t@pgfplots@toka=\toks48
\t@pgfplots@tokb=\toks49
\t@pgfplots@tokc=\toks50
\pgfplots@tmpa=\dimen280
\c@pgfplots@coordindex=\count330
\c@pgfplots@scanlineindex=\count331

(/usr/local/texlive/2023/texmf-dist/tex/generic/pgfplots/sys/pgfplotssysgeneric
.code.tex))
(/usr/local/texlive/2023/texmf-dist/tex/generic/pgfplots/libs/pgfplotslibrary.c
ode.tex)
(/usr/local/texlive/2023/texmf-dist/tex/generic/pgfplots/oldpgfcompatib/pgfplot
soldpgfsupp_loader.code.tex
(/usr/local/texlive/2023/texmf-dist/tex/generic/pgf/libraries/pgflibraryfpu.cod
e.tex)
Package pgfplots: loading complementary utilities for your pgf version...
\t@pgf@toka=\toks51
\t@pgf@tokb=\toks52
\t@pgf@tokc=\toks53

(/usr/local/texlive/2023/texmf-dist/tex/generic/pgfplots/oldpgfcompatib/pgfplot
soldpgfsupp_pgfutil-common-lists.tex))
(/usr/local/texlive/2023/texmf-dist/tex/generic/pgfplots/util/pgfplotsutil.code
.tex
(/usr/local/texlive/2023/texmf-dist/tex/generic/pgfplots/liststructure/pgfplots
liststructure.code.tex)
(/usr/local/texlive/2023/texmf-dist/tex/generic/pgfplots/liststructure/pgfplots
liststructureext.code.tex)
(/usr/local/texlive/2023/texmf-dist/tex/generic/pgfplots/liststructure/pgfplots
array.code.tex
\c@pgfplotsarray@tmp=\count332
)
(/usr/local/texlive/2023/texmf-dist/tex/generic/pgfplots/liststructure/pgfplots
matrix.code.tex)
(/usr/local/texlive/2023/texmf-dist/tex/generic/pgfplots/numtable/pgfplotstable
shared.code.tex
\c@pgfplotstable@counta=\count333
\t@pgfplotstable@a=\toks54
)
(/usr/local/texlive/2023/texmf-dist/tex/generic/pgfplots/liststructure/pgfplots
deque.code.tex)
(/usr/local/texlive/2023/texmf-dist/tex/generic/pgfplots/util/pgfplotsbinary.co
de.tex
(/usr/local/texlive/2023/texmf-dist/tex/generic/pgfplots/util/pgfplotsbinary.da
ta.code.tex))
(/usr/local/texlive/2023/texmf-dist/tex/generic/pgfplots/util/pgfplotsutil.verb
.code.tex)
(/usr/local/texlive/2023/texmf-dist/tex/generic/pgfplots/libs/pgflibrarypgfplot
s.surfshading.code.tex
\c@pgfplotslibrarysurf@no=\count334

(/usr/local/texlive/2023/texmf-dist/tex/generic/pgfplots/sys/pgflibrarypgfplots
.surfshading.pgfsys-pdftex.def)))
(/usr/local/texlive/2023/texmf-dist/tex/generic/pgfplots/util/pgfplotscolormap.
code.tex
(/usr/local/texlive/2023/texmf-dist/tex/generic/pgfplots/util/pgfplotscolor.cod
e.tex))
(/usr/local/texlive/2023/texmf-dist/tex/generic/pgfplots/pgfplotsstackedplots.c
ode.tex)
(/usr/local/texlive/2023/texmf-dist/tex/generic/pgfplots/pgfplotsplothandlers.c
ode.tex
(/usr/local/texlive/2023/texmf-dist/tex/generic/pgfplots/pgfplotsmeshplothandle
r.code.tex
(/usr/local/texlive/2023/texmf-dist/tex/generic/pgfplots/pgfplotsmeshplotimage.
code.tex)))
(/usr/local/texlive/2023/texmf-dist/tex/generic/pgfplots/pgfplots.scaling.code.
tex)
(/usr/local/texlive/2023/texmf-dist/tex/generic/pgfplots/pgfplotscoordprocessin
g.code.tex)
(/usr/local/texlive/2023/texmf-dist/tex/generic/pgfplots/pgfplots.errorbars.cod
e.tex)
(/usr/local/texlive/2023/texmf-dist/tex/generic/pgfplots/pgfplots.markers.code.
tex)
(/usr/local/texlive/2023/texmf-dist/tex/generic/pgfplots/pgfplotsticks.code.tex
)
(/usr/local/texlive/2023/texmf-dist/tex/generic/pgfplots/pgfplots.paths.code.te
x)
(/usr/local/texlive/2023/texmf-dist/tex/generic/pgf/frontendlayer/tikz/librarie
s/tikzlibrarydecorations.code.tex
(/usr/local/texlive/2023/texmf-dist/tex/generic/pgf/modules/pgfmoduledecoration
s.code.tex
\pgfdecoratedcompleteddistance=\dimen281
\pgfdecoratedremainingdistance=\dimen282
\pgfdecoratedinputsegmentcompleteddistance=\dimen283
\pgfdecoratedinputsegmentremainingdistance=\dimen284
\pgf@decorate@distancetomove=\dimen285
\pgf@decorate@repeatstate=\count335
\pgfdecorationsegmentamplitude=\dimen286
\pgfdecorationsegmentlength=\dimen287
)
\tikz@lib@dec@box=\box71
)
(/usr/local/texlive/2023/texmf-dist/tex/generic/pgf/frontendlayer/tikz/librarie
s/tikzlibrarydecorations.pathmorphing.code.tex
(/usr/local/texlive/2023/texmf-dist/tex/generic/pgf/libraries/decorations/pgfli
brarydecorations.pathmorphing.code.tex))
(/usr/local/texlive/2023/texmf-dist/tex/generic/pgf/frontendlayer/tikz/librarie
s/tikzlibrarydecorations.pathreplacing.code.tex
(/usr/local/texlive/2023/texmf-dist/tex/generic/pgf/libraries/decorations/pgfli
brarydecorations.pathreplacing.code.tex))
(/usr/local/texlive/2023/texmf-dist/tex/generic/pgfplots/libs/tikzlibrarypgfplo
ts.contourlua.code.tex)
\pgfplots@numplots=\count336
\pgfplots@xmin@reg=\dimen288
\pgfplots@xmax@reg=\dimen289
\pgfplots@ymin@reg=\dimen290
\pgfplots@ymax@reg=\dimen291
\pgfplots@zmin@reg=\dimen292
\pgfplots@zmax@reg=\dimen293
)
(/usr/local/texlive/2023/texmf-dist/tex/generic/pgf/frontendlayer/tikz/librarie
s/tikzlibraryplotmarks.code.tex
File: tikzlibraryplotmarks.code.tex 2023-01-15 v3.1.10 (3.1.10)

(/usr/local/texlive/2023/texmf-dist/tex/generic/pgf/libraries/pgflibraryplotmar
ks.code.tex
File: pgflibraryplotmarks.code.tex 2023-01-15 v3.1.10 (3.1.10)
)))
(/usr/local/texlive/2023/texmf-dist/tex/latex/epstopdf-pkg/epstopdf.sty
Package: epstopdf 2020-01-24 v2.11 Conversion with epstopdf on the fly (HO)

(/usr/local/texlive/2023/texmf-dist/tex/latex/grfext/grfext.sty
Package: grfext 2019/12/03 v1.3 Manage graphics extensions (HO)
)
(/usr/local/texlive/2023/texmf-dist/tex/latex/epstopdf-pkg/epstopdf-base.sty
Package: epstopdf-base 2020-01-24 v2.11 Base part for package epstopdf
Package epstopdf-base Info: Redefining graphics rule for `.eps' on input line 4
85.
Package grfext Info: Graphics extension search list:
(grfext)             [.pdf,.png,.jpg,.mps,.jpeg,.jbig2,.jb2,.PDF,.PNG,.JPG,.JPE
G,.JBIG2,.JB2,.eps]
(grfext)             \AppendGraphicsExtensions on input line 504.

(/usr/local/texlive/2023/texmf-dist/tex/latex/latexconfig/epstopdf-sys.cfg
File: epstopdf-sys.cfg 2010/07/13 v1.3 Configuration of (r)epstopdf for TeX Liv
e
)))
(/usr/local/texlive/2023/texmf-dist/tex/latex/tools/xspace.sty
Package: xspace 2014/10/28 v1.13 Space after command names (DPC,MH)
)
(/usr/local/texlive/2023/texmf-dist/tex/latex/bold-extra/bold-extra.sty
Package: bold-extra 2001/11/13 v0.1 Use fonts from cm/mf-extra/bold
)
(/usr/local/texlive/2023/texmf-dist/tex/latex/tcolorbox/tcolorbox.sty
Package: tcolorbox 2023/02/12 version 6.0.1 text color boxes

(/usr/local/texlive/2023/texmf-dist/tex/latex/tools/verbatim.sty
Package: verbatim 2022-07-02 v1.5u LaTeX2e package for verbatim enhancements
\every@verbatim=\toks55
\verbatim@line=\toks56
\verbatim@in@stream=\read3
)
(/usr/local/texlive/2023/texmf-dist/tex/latex/environ/environ.sty
Package: environ 2014/05/04 v0.3 A new way to define environments

(/usr/local/texlive/2023/texmf-dist/tex/latex/trimspaces/trimspaces.sty
Package: trimspaces 2009/09/17 v1.1 Trim spaces around a token list
))
\tcb@titlebox=\box72
\tcb@upperbox=\box73
\tcb@lowerbox=\box74
\tcb@phantombox=\box75
\c@tcbbreakpart=\count337
\c@tcblayer=\count338
\c@tcolorbox@number=\count339
\tcb@temp=\box76
\tcb@temp=\box77
\tcb@temp=\box78
\tcb@temp=\box79

(/usr/local/texlive/2023/texmf-dist/tex/latex/tcolorbox/tcbraster.code.tex
Library (tcolorbox): 'tcbraster.code.tex' version '6.0.1'
\c@tcbrastercolumn=\count340
\c@tcbrasterrow=\count341
\c@tcbrasternum=\count342
\c@tcbraster=\count343
) (/usr/local/texlive/2023/texmf-dist/tex/latex/tcolorbox/tcbskins.code.tex
Library (tcolorbox): 'tcbskins.code.tex' version '6.0.1'
(/usr/local/texlive/2023/texmf-dist/tex/latex/tikzfill/tikzfill.image.sty
Package: tikzfill.image 2022/07/20 v1.0.0 Image filling library for TikZ

(/usr/local/texlive/2023/texmf-dist/tex/latex/tikzfill/tikzfill-common.sty
Package: tikzfill-common 2022/07/20 v1.0.0 Auxiliary code for tikzfill
)
(/usr/local/texlive/2023/texmf-dist/tex/latex/tikzfill/tikzlibraryfill.image.co
de.tex
File: tikzlibraryfill.image.code.tex 2022/07/20 v1.0.0 Image filling library
\l__tikzfill_img_box=\box80
))
(/usr/local/texlive/2023/texmf-dist/tex/latex/tcolorbox/tcbskinsjigsaw.code.tex
Library (tcolorbox): 'tcbskinsjigsaw.code.tex' version '6.0.1'
))
(/usr/local/texlive/2023/texmf-dist/tex/latex/tcolorbox/tcbbreakable.code.tex
Library (tcolorbox): 'tcbbreakable.code.tex' version '6.0.1'
(/usr/local/texlive/2023/texmf-dist/tex/latex/pdfcol/pdfcol.sty
Package: pdfcol 2022-09-21 v1.7 Handle new color stacks for pdfTeX (HO)
)
Package pdfcol Info: New color stack `tcb@breakable' = 1 on input line 23.
\tcb@testbox=\box81
\tcb@totalupperbox=\box82
\tcb@totallowerbox=\box83
)
(/usr/local/texlive/2023/texmf-dist/tex/latex/tcolorbox/tcbhooks.code.tex
Library (tcolorbox): 'tcbhooks.code.tex' version '6.0.1'
) (/usr/local/texlive/2023/texmf-dist/tex/latex/tcolorbox/tcbtheorems.code.tex
Library (tcolorbox): 'tcbtheorems.code.tex' version '6.0.1'
) (/usr/local/texlive/2023/texmf-dist/tex/latex/tcolorbox/tcbfitting.code.tex
Library (tcolorbox): 'tcbfitting.code.tex' version '6.0.1'
\tcbfitdim=\dimen294
\tcb@lowerfitdim=\dimen295
\tcb@upperfitdim=\dimen296
\tcb@cur@hbadness=\count344
)
(/usr/local/texlive/2023/texmf-dist/tex/latex/tcolorbox/tcblistingsutf8.code.te
x
Library (tcolorbox): 'tcblistingsutf8.code.tex' version '6.0.1'
(/usr/local/texlive/2023/texmf-dist/tex/latex/tcolorbox/tcblistings.code.tex
Library (tcolorbox): 'tcblistings.code.tex' version '6.0.1'
(/usr/local/texlive/2023/texmf-dist/tex/latex/listings/listings.sty
\lst@mode=\count345
\lst@gtempboxa=\box84
\lst@token=\toks57
\lst@length=\count346
\lst@currlwidth=\dimen297
\lst@column=\count347
\lst@pos=\count348
\lst@lostspace=\dimen298
\lst@width=\dimen299
\lst@newlines=\count349
\lst@lineno=\count350
\lst@maxwidth=\dimen300

(/usr/local/texlive/2023/texmf-dist/tex/latex/listings/lstmisc.sty
File: lstmisc.sty 2023/02/27 1.9 (Carsten Heinz)
\c@lstnumber=\count351
\lst@skipnumbers=\count352
\lst@framebox=\box85
)
(/usr/local/texlive/2023/texmf-dist/tex/latex/listings/listings.cfg
File: listings.cfg 2023/02/27 1.9 listings configuration
))
Package: listings 2023/02/27 1.9 (Carsten Heinz)

(/usr/local/texlive/2023/texmf-dist/tex/latex/tcolorbox/tcblistingscore.code.te
x
Library (tcolorbox): 'tcblistingscore.code.tex' version '6.0.1'
(/usr/local/texlive/2023/texmf-dist/tex/latex/tcolorbox/tcbprocessing.code.tex
Library (tcolorbox): 'tcbprocessing.code.tex' version '6.0.1'
(/usr/local/texlive/2023/texmf-dist/tex/latex/tools/shellesc.sty
Package: shellesc 2019/11/08 v1.0c unified shell escape interface for LaTeX
Package shellesc Info: Restricted shell escape enabled on input line 77.
))
\c@tcblisting=\count353
))
(/usr/local/texlive/2023/texmf-dist/tex/latex/listingsutf8/listingsutf8.sty
Package: listingsutf8 2019-12-10 v1.5 Allow UTF-8 in listings input (HO)

(/usr/local/texlive/2023/texmf-dist/tex/generic/stringenc/stringenc.sty
Package: stringenc 2019/11/29 v1.12 Convert strings between diff. encodings (HO
)
)))
(/usr/local/texlive/2023/texmf-dist/tex/latex/tcolorbox/tcbexternal.code.tex
Library (tcolorbox): 'tcbexternal.code.tex' version '6.0.1'
) (/usr/local/texlive/2023/texmf-dist/tex/latex/tcolorbox/tcbmagazine.code.tex
Library (tcolorbox): 'tcbmagazine.code.tex' version '6.0.1'
) (/usr/local/texlive/2023/texmf-dist/tex/latex/tcolorbox/tcbvignette.code.tex
Library (tcolorbox): 'tcbvignette.code.tex' version '6.0.1'

(/usr/local/texlive/2023/texmf-dist/tex/generic/pgf/frontendlayer/tikz/librarie
s/tikzlibraryfadings.code.tex
File: tikzlibraryfadings.code.tex 2023-01-15 v3.1.10 (3.1.10)

(/usr/local/texlive/2023/texmf-dist/tex/generic/pgf/libraries/pgflibraryfadings
.code.tex
File: pgflibraryfadings.code.tex 2023-01-15 v3.1.10 (3.1.10)
)))
(/usr/local/texlive/2023/texmf-dist/tex/latex/tcolorbox/tcbposter.code.tex
Library (tcolorbox): 'tcbposter.code.tex' version '6.0.1'
)) (./math.sty)
(/usr/local/texlive/2023/texmf-dist/tex/latex/mathtools/mathtools.sty
Package: mathtools 2022/06/29 v1.29 mathematical typesetting tools

(/usr/local/texlive/2023/texmf-dist/tex/latex/tools/calc.sty
Package: calc 2017/05/25 v4.3 Infix arithmetic (KKT,FJ)
\calc@Acount=\count354
\calc@Bcount=\count355
\calc@Adimen=\dimen301
\calc@Bdimen=\dimen302
\calc@Askip=\skip71
\calc@Bskip=\skip72
LaTeX Info: Redefining \setlength on input line 80.
LaTeX Info: Redefining \addtolength on input line 81.
\calc@Ccount=\count356
\calc@Cskip=\skip73
)
(/usr/local/texlive/2023/texmf-dist/tex/latex/mathtools/mhsetup.sty
Package: mhsetup 2021/03/18 v1.4 programming setup (MH)
)
\g_MT_multlinerow_int=\count357
\l_MT_multwidth_dim=\dimen303
\origjot=\skip74
\l_MT_shortvdotswithinadjustabove_dim=\dimen304
\l_MT_shortvdotswithinadjustbelow_dim=\dimen305
\l_MT_above_intertext_sep=\dimen306
\l_MT_below_intertext_sep=\dimen307
\l_MT_above_shortintertext_sep=\dimen308
\l_MT_below_shortintertext_sep=\dimen309
\xmathstrut@box=\box86
\xmathstrut@dim=\dimen310
)
(/usr/local/texlive/2023/texmf-dist/tex/latex/enumitem/enumitem.sty
Package: enumitem 2019/06/20 v3.9 Customized lists
\labelindent=\skip75
\enit@outerparindent=\dimen311
\enit@toks=\toks58
\enit@inbox=\box87
\enit@count@id=\count358
\enitdp@description=\count359
)
(/usr/local/texlive/2023/texmf-dist/tex/latex/xargs/xargs.sty
Package: xargs 2008/03/22 v1.1  extended macro definitions  (mpg)

(/usr/local/texlive/2023/texmf-dist/tex/latex/xkeyval/xkeyval.sty
Package: xkeyval 2022/06/16 v2.9 package option processing (HA)

(/usr/local/texlive/2023/texmf-dist/tex/generic/xkeyval/xkeyval.tex
(/usr/local/texlive/2023/texmf-dist/tex/generic/xkeyval/xkvutils.tex
\XKV@toks=\toks59
\XKV@tempa@toks=\toks60
)
\XKV@depth=\count360
File: xkeyval.tex 2014/12/03 v2.7a key=value parser (HA)
))
\xargs@max=\count361
\xargs@toksa=\toks61
\xargs@toksb=\toks62
)
(/usr/local/texlive/2023/texmf-dist/tex/latex/todonotes/todonotes.sty
Package: todonotes 2023/01/31 v1.1.6 Todonotes source and documentation.
Package: todonotes 2023/01/31

(/usr/local/texlive/2023/texmf-dist/tex/generic/pgf/frontendlayer/tikz/librarie
s/tikzlibrarypositioning.code.tex
File: tikzlibrarypositioning.code.tex 2023-01-15 v3.1.10 (3.1.10)
)
\c@@todonotes@numberoftodonotes=\count362
)
\c@example=\count363
\c@definition=\count364
\c@proposition=\count365
\c@assumption=\count366
\c@lemma=\count367
\c@theorem=\count368
\c@corollary=\count369

(/usr/local/texlive/2023/texmf-dist/tex/latex/l3backend/l3backend-pdftex.def
File: l3backend-pdftex.def 2023-01-16 L3 backend support: PDF output (pdfTeX)
\l__color_backend_stack_int=\count370
\l__pdf_internal_box=\box88
)
(./main.aux)
\openout1 = `main.aux'.

LaTeX Font Info:    Checking defaults for OML/cmm/m/it on input line 51.
LaTeX Font Info:    ... okay on input line 51.
LaTeX Font Info:    Checking defaults for OMS/cmsy/m/n on input line 51.
LaTeX Font Info:    ... okay on input line 51.
LaTeX Font Info:    Checking defaults for OT1/cmr/m/n on input line 51.
LaTeX Font Info:    ... okay on input line 51.
LaTeX Font Info:    Checking defaults for T1/cmr/m/n on input line 51.
LaTeX Font Info:    ... okay on input line 51.
LaTeX Font Info:    Checking defaults for TS1/cmr/m/n on input line 51.
LaTeX Font Info:    ... okay on input line 51.
LaTeX Font Info:    Checking defaults for OMX/cmex/m/n on input line 51.
LaTeX Font Info:    ... okay on input line 51.
LaTeX Font Info:    Checking defaults for U/cmr/m/n on input line 51.
LaTeX Font Info:    ... okay on input line 51.
LaTeX Font Info:    Checking defaults for PD1/pdf/m/n on input line 51.
LaTeX Font Info:    ... okay on input line 51.
LaTeX Font Info:    Checking defaults for PU/pdf/m/n on input line 51.
LaTeX Font Info:    ... okay on input line 51.

(/usr/local/texlive/2023/texmf-dist/tex/context/base/mkii/supp-pdf.mkii
[Loading MPS to PDF converter (version 2006.09.02).]
\scratchcounter=\count371
\scratchdimen=\dimen312
\scratchbox=\box89
\nofMPsegments=\count372
\nofMParguments=\count373
\everyMPshowfont=\toks63
\MPscratchCnt=\count374
\MPscratchDim=\dimen313
\MPnumerator=\count375
\makeMPintoPDFobject=\count376
\everyMPtoPDFconversion=\toks64
)
Package caption Info: Begin \AtBeginDocument code.
Package caption Info: subfig package v1.3 is loaded.
Package caption Info: hyperref package is loaded.
Package caption Info: listings package is loaded.
Package caption Info: End \AtBeginDocument code.
Package hyperref Info: Link coloring ON on input line 51.
 (./main.out) (./main.out)
\@outlinefile=\write4
\openout4 = `main.out'.



Package pgfplots Warning: running in backwards compatibility mode (unsuitable t
ick labels; missing features). Consider writing \pgfplotsset{compat=1.18} into 
your preamble.
 on input line 51.

\c@lstlisting=\count377
(/usr/local/texlive/2023/texmf-dist/tex/latex/base/inputenc.sty
Package: inputenc 2021/02/14 v1.3d Input encoding file
\inpenc@prehook=\toks65
\inpenc@posthook=\toks66
)
LaTeX Font Info:    Calculating math sizes for size <11> on input line 55.


LaTeX Font Warning: Font shape `OT1/cmr/bx/n' in size <5.5> not available
(Font)              size <5> substituted on input line 55.


LaTeX Font Warning: Font shape `OML/cmm/b/it' in size <5.5> not available
(Font)              size <5> substituted on input line 55.


LaTeX Font Warning: Font shape `OMS/cmsy/b/n' in size <5.5> not available
(Font)              size <5> substituted on input line 55.

LaTeX Font Info:    Trying to load font information for U+msa on input line 55.

(/usr/local/texlive/2023/texmf-dist/tex/latex/amsfonts/umsa.fd
File: umsa.fd 2013/01/14 v3.01 AMS symbols A
)
LaTeX Font Info:    Trying to load font information for U+msb on input line 55.


(/usr/local/texlive/2023/texmf-dist/tex/latex/amsfonts/umsb.fd
File: umsb.fd 2013/01/14 v3.01 AMS symbols B
)
LaTeX Font Info:    Trying to load font information for TS1+ptm on input line 5
5.

(/usr/local/texlive/2023/texmf-dist/tex/latex/psnfss/ts1ptm.fd
File: ts1ptm.fd 2001/06/04 font definitions for TS1/ptm.
)

LaTeX Font Warning: Font shape `OT1/cmr/m/n' in size <5.5> not available
(Font)              size <5> substituted on input line 55.


LaTeX Font Warning: Font shape `OML/cmm/m/it' in size <5.5> not available
(Font)              size <5> substituted on input line 55.


LaTeX Font Warning: Font shape `OMS/cmsy/m/n' in size <5.5> not available
(Font)              size <5> substituted on input line 55.


LaTeX Font Warning: Font shape `T1/ptm/m/scit' undefined
(Font)              using `T1/ptm/m/it' instead on input line 66.


LaTeX Font Warning: Font shape `T1/ptm/m/scit' undefined
(Font)              using `T1/ptm/m/it' instead on input line 67.


LaTeX Font Warning: Font shape `T1/ptm/m/scit' undefined
(Font)              using `T1/ptm/m/it' instead on input line 68.


LaTeX Warning: Reference `sec:1.1' on page 1 undefined on input line 108.

[1{/usr/local/texlive/2023/texmf-var/fonts/map/pdftex/updmap/pdftex.map}{/usr/l
ocal/texlive/2023/texmf-dist/fonts/enc/dvips/base/8r.enc}

]
Package hyperref Info: bookmark level for unknown todo defaults to 0 on input l
ine 123.


LaTeX Warning: Marginpar on page 2 moved.


LaTeX Warning: Marginpar on page 2 moved.

[2] [3]

Package natbib Warning: Citation `fan2012vast' on page 4 undefined on input lin
e 214.


Package natbib Warning: Citation `fan2012vast' on page 4 undefined on input lin
e 221.


Package natbib Warning: Citation `shapiro2000asymptotics' on page 4 undefined o
n input line 221.


Package natbib Warning: Citation `sen1979asymptotic' on page 4 undefined on inp
ut line 221.


Package natbib Warning: Citation `na2021high' on page 4 undefined on input line
 221.


Package natbib Warning: Citation `dupacova1988asymptotic' on page 4 undefined o
n input line 221.


Package natbib Warning: Citation `na2019high' on page 4 undefined on input line
 221.

[4] [5]
Underfull \hbox (badness 945) in paragraph at lines 292--302
 \T1/ptm/m/n/11 1.3.\T1/ptm/m/it/11 Related works.[][] \T1/ptm/m/n/11 Con-strai
ned op-ti-miza-tion prob-lems in stochas-tic set-tings have
 []

[6] [7] [8] [9]
Overfull \hbox (11.46758pt too wide) in paragraph at lines 395--397
[][][]\T1/ptm/m/sc/11 Definition \T1/ptm/m/n/11 1 (EGM-FCQ, Def-i-ni-tion 2.4 i
n [[]])\T1/ptm/m/sc/11 . []\T1/ptm/m/it/11 The ex-tended gen-er-al-ized Mangasa
rian-
 []

Package hyperref Info: bookmark level for unknown algorithm defaults to 0 on in
put line 431.

LaTeX Warning: `h' float specifier changed to `ht'.

[10]
Overfull \hbox (10.74736pt too wide) detected at line 493
[][][]\OML/cmm/m/it/10.95 q\OT1/cmr/m/n/10.95 (\OML/cmm/b/it/10.95 x[]\OML/cmm/
m/it/10.95 ; \OML/cmm/b/it/10.95 p[]\OML/cmm/m/it/10.95 ; \OMS/cmsy/m/n/10.95 r
\OML/cmm/m/it/10.95 f\OT1/cmr/m/n/10.95 (\OML/cmm/b/it/10.95 x[]\OT1/cmr/m/n/10
.95 )\OML/cmm/m/it/10.95 ; \OML/cmm/b/it/10.95 B[]\OML/cmm/m/it/10.95 ; ^^Z[]\O
T1/cmr/m/n/10.95 ) := \OML/cmm/m/it/10.95 f\OT1/cmr/m/n/10.95 (\OML/cmm/b/it/10
.95 x[]\OT1/cmr/m/n/10.95 ) + \OMS/cmsy/m/n/10.95 r\OML/cmm/m/it/10.95 f\OT1/cm
r/m/n/10.95 (\OML/cmm/b/it/10.95 x[]\OT1/cmr/m/n/10.95 )[]\OML/cmm/b/it/10.95 p
[] \OT1/cmr/m/n/10.95 + []\OML/cmm/b/it/10.95 p[]B[]p[] \OT1/cmr/m/n/10.95 + \O
ML/cmm/m/it/10.95 ^^Z[]\OMS/cmsy/m/n/10.95 k\OML/cmm/b/it/10.95 c\OT1/cmr/m/n/1
0.95 (\OML/cmm/b/it/10.95 x[]\OT1/cmr/m/n/10.95 ) + \OMS/cmsy/m/n/10.95 r\OML/c
mm/b/it/10.95 c\OT1/cmr/m/n/10.95 (\OML/cmm/b/it/10.95 x[]\OT1/cmr/m/n/10.95 )[
]\OML/cmm/b/it/10.95 p[]\OMS/cmsy/m/n/10.95 k[]\OML/cmm/m/it/10.95 ;
 []

[11]
Overfull \hbox (21.81023pt too wide) in alignment at lines 555--562
[] [] 
 []

[12] [13] [14]
Overfull \hbox (8.24957pt too wide) in paragraph at lines 653--653
[] []
 []


Underfull \hbox (badness 10000) in paragraph at lines 653--653

 []


Overfull \hbox (8.98126pt too wide) detected at line 679
[][][]\OML/cmm/m/it/9 ^^Z[] \OT1/cmr/m/n/9 = [] [] \OML/cmm/m/it/9 ^^Z[] \OT1/c
mr/m/n/9 = []
 []

[15]
Overfull \hbox (2.05806pt too wide) in paragraph at lines 712--714
\T1/ptm/m/it/11 rithm is suf-fi-ciently large such that $\OT1/cmr/m/n/10.95 ^^A
\OML/cmm/m/it/10.95 q\OT1/cmr/m/n/10.95 (\OML/cmm/b/it/10.95 x[]\OML/cmm/m/it/1
0.95 ; \OML/cmm/b/it/10.95 p[]\OML/cmm/m/it/10.95 ; \OMS/cmsy/m/n/10.95 r\OML/c
mm/m/it/10.95 f\OT1/cmr/m/n/10.95 (\OML/cmm/b/it/10.95 x[]\OT1/cmr/m/n/10.95 )\
OML/cmm/m/it/10.95 ; \OML/cmm/b/it/10.95 B[]\OT1/cmr/m/n/10.95 ; []) \OMS/cmsy/
m/n/10.95 ^^U []\OML/cmm/b/it/10.95 p[]B[]p[] \OT1/cmr/m/n/10.95 + \OML/cmm/m/i
t/10.95 ^^[[]^^R[]\OMS/cmsy/m/n/10.95 k\OML/cmm/b/it/10.95 c\OT1/cmr/m/n/10.95 
(\OML/cmm/b/it/10.95 x[]\OT1/cmr/m/n/10.95 )\OMS/cmsy/m/n/10.95 k[]$
 []


Overfull \hbox (43.62866pt too wide) detected at line 742
[]
 []


Overfull \hbox (43.62866pt too wide) in alignment at lines 741--742
[] [] 
 []

[16]
Overfull \hbox (17.10767pt too wide) in paragraph at lines 779--781
\T1/ptm/m/n/11 where $[]$ is the av-er-aged gra-di-ent as in Al-go-rithm [][]2[
][]. Then the dual vari-ables $\OML/cmm/b/it/10.95 ^^U[]\OML/cmm/m/it/10.95 ; \
OML/cmm/b/it/10.95 ^^V[]\OML/cmm/m/it/10.95 ; \OML/cmm/b/it/10.95 ^^V[]$
 []


Overfull \hbox (8.24957pt too wide) in paragraph at lines 808--808
[] []
 []


Underfull \hbox (badness 10000) in paragraph at lines 808--808

 []


Overfull \hbox (10.69128pt too wide) detected at line 837
\OML/cmm/m/it/9 ^^Z[] \OT1/cmr/m/n/9 = []  [][] \OML/cmm/m/it/9 ^^Z[] \OT1/cmr/
m/n/9 = []
 []

[17] [18]
Overfull \hbox (59.16666pt too wide) detected at line 938
[][][][] \OT1/cmr/m/n/10.95 = [][] [] \OML/cmm/m/it/10.95 ;
 []


Overfull \hbox (18.96593pt too wide) detected at line 975
[][][]\OT1/cmr/bx/n/10.95 
[] \OT1/cmr/m/n/10.95 = \OML/cmm/b/it/10.95 H[] [] H[] \OT1/cmr/m/n/10.95 := \O
ML/cmm/b/it/10.95 H[]\OT1/cmr/bx/n/10.95 ^^F\OML/cmm/b/it/10.95 H[]\OML/cmm/m/i
t/10.95 :
 []

[19] [20]

LaTeX Warning: Reference `theorem_minimax_optimality' on page 21 undefined on i
nput line 1066.

[21]
Underfull \hbox (badness 1226) in paragraph at lines 1115--1116
[]\T1/ptm/m/n/11 Gaussian noise: Let $\OML/cmm/b/it/10.95 g[] \OT1/cmr/m/n/10.9
5 = \OMS/cmsy/m/n/10.95 r\OML/cmm/m/it/10.95 f\OT1/cmr/m/n/10.95 (\OML/cmm/b/it
/10.95 x[]\OML/cmm/m/it/10.95 ; ^^P[]\OT1/cmr/m/n/10.95 )$ \T1/ptm/m/n/11 be pe
r-turbed such that $\OML/cmm/b/it/10.95 g[] \OT1/cmr/m/n/10.95 = \OMS/cmsy/m/n/
10.95 r\OML/cmm/m/it/10.95 f\OT1/cmr/m/n/10.95 (\OML/cmm/b/it/10.95 x[]\OML/cmm
/m/it/10.95 ; ^^P[]\OT1/cmr/m/n/10.95 ) \OMS/cmsy/m/n/10.95 ^^X
 []

[22]
<Figures/box_plot_cutest_kkt.pdf, id=733, 632.18373pt x 382.41055pt>
File: Figures/box_plot_cutest_kkt.pdf Graphic file (type pdf)
<use Figures/box_plot_cutest_kkt.pdf>
Package pdftex.def Info: Figures/box_plot_cutest_kkt.pdf  used on input line 11
50.
(pdftex.def)             Requested size: 182.69876pt x 110.51692pt.
<Figures/box_plot_cutest_feas.pdf, id=734, 637.20248pt x 382.41055pt>
File: Figures/box_plot_cutest_feas.pdf Graphic file (type pdf)
<use Figures/box_plot_cutest_feas.pdf>
Package pdftex.def Info: Figures/box_plot_cutest_feas.pdf  used on input line 1
150.
(pdftex.def)             Requested size: 182.69876pt x 109.64166pt.


LaTeX Font Warning: Font shape `T1/ptm/m/scit' undefined
(Font)              using `T1/ptm/m/sc' instead on input line 1158.


Overfull \hbox (18.92722pt too wide) in paragraph at lines 1160--1191
 [][] 
 []


LaTeX Warning: `h' float specifier changed to `ht'.

[23 <./Figures/box_plot_cutest_kkt.pdf> <./Figures/box_plot_cutest_feas.pdf

pdfTeX warning: /Library/TeX/texbin/pdflatex (file ./Figures/box_plot_cutest_fe
as.pdf): PDF inclusion: multiple pdfs with page group included in a single page

>]

LaTeX Font Warning: Font shape `T1/ptm/m/scit' undefined
(Font)              using `T1/ptm/m/sc' instead on input line 1203.


LaTeX Font Warning: Font shape `T1/ptm/m/scit' undefined
(Font)              using `T1/ptm/m/sc' instead on input line 1239.


LaTeX Warning: `h' float specifier changed to `ht'.


Package natbib Warning: Citation `fan2012vast' on page 24 undefined on input li
ne 1274.

[24]

LaTeX Font Warning: Font shape `T1/ptm/m/scit' undefined
(Font)              using `T1/ptm/m/sc' instead on input line 1308.

[25]
<Figures/EXP_1.pdf, id=855, 453.11159pt x 270.946pt>
File: Figures/EXP_1.pdf Graphic file (type pdf)
<use Figures/EXP_1.pdf>
Package pdftex.def Info: Figures/EXP_1.pdf  used on input line 1349.
(pdftex.def)             Requested size: 181.24141pt x 108.37646pt.
<Figures/EXP_2.pdf, id=856, 453.11159pt x 270.946pt>
File: Figures/EXP_2.pdf Graphic file (type pdf)
<use Figures/EXP_2.pdf>
Package pdftex.def Info: Figures/EXP_2.pdf  used on input line 1353.
(pdftex.def)             Requested size: 181.24141pt x 108.37646pt.
<Figures/LOG_1.pdf, id=857, 453.11159pt x 270.946pt>
File: Figures/LOG_1.pdf Graphic file (type pdf)
<use Figures/LOG_1.pdf>
Package pdftex.def Info: Figures/LOG_1.pdf  used on input line 1357.
(pdftex.def)             Requested size: 181.24141pt x 108.37646pt.
<Figures/LOG_2.pdf, id=858, 453.11159pt x 270.946pt>
File: Figures/LOG_2.pdf Graphic file (type pdf)
<use Figures/LOG_2.pdf>
Package pdftex.def Info: Figures/LOG_2.pdf  used on input line 1361.
(pdftex.def)             Requested size: 181.24141pt x 108.37646pt.


LaTeX Font Warning: Font shape `T1/ptm/m/scit' undefined
(Font)              using `T1/ptm/m/sc' instead on input line 1395.


LaTeX Warning: `h' float specifier changed to `ht'.


LaTeX Font Warning: Font shape `T1/ptm/m/scit' undefined
(Font)              using `T1/ptm/m/sc' instead on input line 1427.


LaTeX Warning: `h' float specifier changed to `ht'.

[26] [27 <./Figures/EXP_1.pdf> <./Figures/EXP_2.pdf

pdfTeX warning: /Library/TeX/texbin/pdflatex (file ./Figures/EXP_2.pdf): PDF in
clusion: multiple pdfs with page group included in a single page
> <./Figures/LOG_1.pdf

pdfTeX warning: /Library/TeX/texbin/pdflatex (file ./Figures/LOG_1.pdf): PDF in
clusion: multiple pdfs with page group included in a single page
> <./Figures/LOG_2.pdf

pdfTeX warning: /Library/TeX/texbin/pdflatex (file ./Figures/LOG_2.pdf): PDF in
clusion: multiple pdfs with page group included in a single page
>] [28] [29]
Underfull \hbox (badness 1412) in paragraph at lines 1548--1549
[][][]\T1/ptm/m/sc/11 Definition \T1/ptm/m/n/11 2 (Lin-ear in-de-pen-dence con-
straint qual-i-fi-ca-tion (LICQ))\T1/ptm/m/sc/11 . []\T1/ptm/m/it/11 The lin-ea
r
 []


Overfull \hbox (47.19948pt too wide) in paragraph at lines 1563--1565
[]\T1/ptm/m/n/11 We prove it by con-tra-dic-tion. Sup-pose that there ex-ist se
-quences $\OMS/cmsy/m/n/10.95 f\OT1/cmr/m/n/10.95 ([]\OML/cmm/m/it/10.95 ; []; 
[]; []; []\OT1/cmr/m/n/10.95 )\OMS/cmsy/m/n/10.95 g$
 []

[30]
Overfull \hbox (14.80669pt too wide) in paragraph at lines 1627--1629
[]\T1/ptm/m/n/11 We prove it by the def-i-ni-tion of the di-rec-tional deriva-t
ive. Sup-pose that $\OMS/cmsy/m/n/10.95 kr[]\OML/cmm/m/it/10.95 f\OT1/cmr/m/n/1
0.95 (\OML/cmm/b/it/10.95 x\OT1/cmr/m/n/10.95 )\OMS/cmsy/m/n/10.95 k[] ^^T
 []

[31]
Underfull \hbox (badness 1019) in paragraph at lines 1638--1640
[]\OML/cmm/m/it/10.95 []\OMS/cmsy/m/n/10.95 k\OML/cmm/b/it/10.95 p\OMS/cmsy/m/
n/10.95 k[]$\T1/ptm/m/n/11 . Tak-ing lim-its for $\OML/cmm/m/it/10.95  \OMS/cm
sy/m/n/10.95 ! \OT1/cmr/m/n/10.95 0$ \T1/ptm/m/n/11 and the def-i-ni-tion, we h
ave $\OML/cmm/m/it/10.95 ^^^[]\OT1/cmr/m/n/10.95 (\OML/cmm/b/it/10.95 x\OML/cmm
/m/it/10.95 ; ^^Z\OT1/cmr/m/n/10.95 ; \OML/cmm/b/it/10.95 p\OT1/cmr/m/n/10.95 )
 =
 []


Overfull \hbox (10.14932pt too wide) in paragraph at lines 1657--1659
\T1/ptm/m/n/11 i.e., $[]\OML/cmm/m/it/10.95 []\OMS/cmsy/m/n/10.95 k\OML/cmm/b/
it/10.95 p[]\OMS/cmsy/m/n/10.95 k[] ^^T \OT1/cmr/m/n/10.95 (1 \OMS/cmsy/m/n/10.
95 ^^@ \OML/cmm/m/it/10.95 ^^L\OT1/cmr/m/n/10.95 )^^A\OML/cmm/m/it/10.95 q\OT1/
cmr/m/n/10.95 (\OML/cmm/b/it/10.95 x[]\OML/cmm/m/it/10.95 ; \OML/cmm/b/it/10.95
 p[]\OML/cmm/m/it/10.95 ; \OMS/cmsy/m/n/10.95 r\OML/cmm/m/it/10.95 f\OT1/cmr/m/
n/10.95 (\OML/cmm/b/it/10.95 x[]\OT1/cmr/m/n/10.95 )\OML/cmm/m/it/10.95 ; \OML/
cmm/b/it/10.95 B[]\OT1/cmr/m/n/10.95 ; \OML/cmm/m/it/10.95 ^^Z[]\OT1/cmr/m/n/10
.95 )$\T1/ptm/m/n/11 . Here, we let $[]\OML/cmm/m/it/10.95 []\OMS/cmsy/m/n/10.
95 k\OML/cmm/b/it/10.95 p[]\OMS/cmsy/m/n/10.95 k[] ^^T
 []

[32] [33]
Overfull \hbox (27.5973pt too wide) detected at line 1731
\OML/cmm/m/it/10.95 ^^^\OT1/cmr/m/n/10.95 (\OML/cmm/b/it/10.95 x[]\OML/cmm/m/it
/10.95 ; []\OT1/cmr/m/n/10.95 ) \OMS/cmsy/m/n/10.95 ^^@ \OML/cmm/m/it/10.95 ^^^
\OT1/cmr/m/n/10.95 (\OML/cmm/b/it/10.95 x[]\OML/cmm/m/it/10.95 ; []\OT1/cmr/m/n
/10.95 ) \OMS/cmsy/m/n/10.95 ^^U \OML/cmm/m/it/10.95 ^^L[]\OT1/cmr/m/n/10.95 ^
^A\OML/cmm/m/it/10.95 q\OT1/cmr/m/n/10.95 (\OML/cmm/b/it/10.95 x[]\OML/cmm/m/it
/10.95 ; \OML/cmm/b/it/10.95 p[]\OML/cmm/m/it/10.95 ; \OMS/cmsy/m/n/10.95 r\OML
/cmm/m/it/10.95 f\OT1/cmr/m/n/10.95 (\OML/cmm/b/it/10.95 x[]\OT1/cmr/m/n/10.95 
)\OML/cmm/m/it/10.95 ; \OML/cmm/b/it/10.95 B[]\OML/cmm/m/it/10.95 ; []\OT1/cmr/
m/n/10.95 ) \OMS/cmsy/m/n/10.95 ^^U \OML/cmm/m/it/10.95 ^^L[] \OMS/cmsy/m/n/10
.95 ^^A [] \OML/cmm/m/it/10.95 :
 []


Overfull \hbox (3.75476pt too wide) in paragraph at lines 1740--1742
\T1/ptm/m/n/11 which com-pletes the proof for ([][]2.12[][]). Con-di-tions in (
[][]A.7[][]) show that $\OMS/cmsy/m/n/10.95 kr\OML/cmm/m/it/10.95 f\OT1/cmr/m/n
/10.95 (\OML/cmm/b/it/10.95 x[]\OT1/cmr/m/n/10.95 ) + \OMS/cmsy/m/n/10.95 r\OML
/cmm/b/it/10.95 c\OT1/cmr/m/n/10.95 (\OML/cmm/b/it/10.95 x[]\OT1/cmr/m/n/10.95 
)\OML/cmm/b/it/10.95 ^^U[] \OMS/cmsy/m/n/10.95 ^^@
 []

[34]
Underfull \hbox (badness 905) in paragraph at lines 1798--1799
[][][]\T1/ptm/m/sc/11 Lemma \T1/ptm/m/n/11 16\T1/ptm/m/sc/11 . []\T1/ptm/m/it/1
1 For two given se-quence $\OMS/cmsy/m/n/10.95 f\OML/cmm/m/it/10.95 []\OMS/cms
y/m/n/10.95 g$ \T1/ptm/m/it/11 and $\OMS/cmsy/m/n/10.95 f\OML/cmm/m/it/10.95 ^^
L[]\OMS/cmsy/m/n/10.95 g$ \T1/ptm/m/it/11 sat-is-fy-ing $[][] \OML/cmm/m/it/10.
95 [] \OT1/cmr/m/n/10.95 = 0$\T1/ptm/m/it/11 ,
 []


Overfull \hbox (76.63701pt too wide) detected at line 1824
[]
 []


Overfull \hbox (76.63701pt too wide) in alignment at lines 1823--1824
[] [] 
 []

[35]
Overfull \hbox (27.10306pt too wide) in paragraph at lines 1828--1830
\T1/ptm/m/n/11 we have $\OMS/cmsy/m/n/10.95 W[] ! \OT1/cmr/m/n/10.95 0$ \T1/ptm
/m/n/11 as $\OML/cmm/m/it/10.95 k \OMS/cmsy/m/n/10.95 ! 1$ \T1/ptm/m/n/11 since
 $[][] \OML/cmm/m/it/10.95 []=^^L[] \OT1/cmr/m/n/10.95 = 0$\T1/ptm/m/n/11 . It
 fol-lows that $[][] \U/msb/m/n/11 E [] \OT1/cmr/m/n/10.95 =
 []


Overfull \hbox (37.80063pt too wide) in paragraph at lines 1836--1838
\T1/ptm/m/n/11 where the last con-ver-gence re-sult comes from Lemma [][]15[][]
. There-fore, $[][] \U/msb/m/n/11 E [] \OMS/cmsy/m/n/10.95 ^^T
 []

[36]
Underfull \hbox (badness 883) in paragraph at lines 1897--1898
[]\T1/ptm/m/n/11 The first re-la-tion is straight-for-ward since $\U/msb/m/n/11
 E[] [] \OMS/cmsy/m/n/10.95 ^^T \OML/cmm/m/it/10.95 M[]$ \T1/ptm/m/n/11 and
 []

[37]
Overfull \hbox (25.7922pt too wide) in paragraph at lines 1928--1929
[]\T1/ptm/m/n/11 Note that $\OT1/cmr/m/n/10.95 ^^A\OML/cmm/m/it/10.95 q\OT1/cmr
/m/n/10.95 (\OML/cmm/b/it/10.95 x[]\OML/cmm/m/it/10.95 ; \OML/cmm/b/it/10.95 p[
]\OML/cmm/m/it/10.95 ; \OMS/cmsy/m/n/10.95 r\OML/cmm/m/it/10.95 f\OT1/cmr/m/n/1
0.95 (\OML/cmm/b/it/10.95 x[]\OT1/cmr/m/n/10.95 )\OML/cmm/m/it/10.95 ; \OML/cmm
/b/it/10.95 B[]\OT1/cmr/m/n/10.95 ; \OML/cmm/m/it/10.95 ^^Z[]\OT1/cmr/m/n/10.95
 ) = \OMS/cmsy/m/n/10.95 ^^@r\OML/cmm/m/it/10.95 f\OT1/cmr/m/n/10.95 (\OML/cmm/
b/it/10.95 x[]\OT1/cmr/m/n/10.95 )[]\OML/cmm/b/it/10.95 p[] \OMS/cmsy/m/n/10.95
 ^^@ []\OML/cmm/b/it/10.95 p[]B[]p[] \OT1/cmr/m/n/10.95 + \OML/cmm/m/it/10.95 ^
^Z[]^^R[]\OMS/cmsy/m/n/10.95 k\OML/cmm/b/it/10.95 c\OT1/cmr/m/n/10.95 (\OML/cmm
/b/it/10.95 x[]\OT1/cmr/m/n/10.95 )\OMS/cmsy/m/n/10.95 k[]$\T1/ptm/m/n/11 ,
 []

[38]
Overfull \hbox (62.62984pt too wide) detected at line 2001
[]
 []


Overfull \hbox (62.62984pt too wide) in alignment at lines 2000--2001
[] [] 
 []

[39]
Underfull \hbox (badness 968) in paragraph at lines 2019--2021
\T1/ptm/m/n/11 that $[][] \OML/cmm/m/it/10.95 []\U/msb/m/n/11 E[] [] \OML/cmm/
m/it/10.95 < \OMS/cmsy/m/n/10.95 1$ \T1/ptm/m/n/11 al-most surely. We con-clude
 from ([][]B.12[][]),
 []


Overfull \hbox (2.5525pt too wide) detected at line 2059
[][][]\OMS/cmsy/m/n/10.95 r[]\OML/cmm/m/it/10.95 F\OT1/cmr/m/n/10.95 (\OML/cmm/
b/it/10.95 ^^U\OML/cmm/m/it/10.95 ; \OML/cmm/b/it/10.95 ^^V[]\OML/cmm/m/it/10.9
5 ; \OML/cmm/b/it/10.95 ^^V[]\OT1/cmr/m/n/10.95 ; \OML/cmm/b/it/10.95 x\OT1/cmr
/m/n/10.95 ) = [] \OML/cmm/m/it/10.95 :
 []

[40]
Overfull \hbox (27.1057pt too wide) detected at line 2063
\OML/cmm/b/it/10.95 w[]\OMS/cmsy/m/n/10.95 r[]\OML/cmm/m/it/10.95 F\OT1/cmr/m/n
/10.95 (\OML/cmm/b/it/10.95 ^^U\OML/cmm/m/it/10.95 ; \OML/cmm/b/it/10.95 ^^V[]\
OML/cmm/m/it/10.95 ; \OML/cmm/b/it/10.95 ^^V[]\OT1/cmr/m/n/10.95 ; \OML/cmm/b/i
t/10.95 x\OT1/cmr/m/n/10.95 )\OML/cmm/b/it/10.95 w \OT1/cmr/m/n/10.95 = [][] + 
[][] + [][] \OMS/cmsy/m/n/10.95 ^^U \OT1/cmr/m/n/10.95 0\OML/cmm/m/it/10.95 :
 []


Overfull \hbox (4.9623pt too wide) detected at line 2101
[]
 []


Overfull \hbox (4.9623pt too wide) in alignment at lines 2100--2101
[] [] 
 []

[41]
Overfull \hbox (28.73636pt too wide) in paragraph at lines 2128--2130
\T1/ptm/m/n/11 and $\OT1/cmr/m/n/10.95 (\OML/cmm/b/it/10.95 ^^U[]\OML/cmm/m/it/
10.95 ; \OML/cmm/b/it/10.95 ^^V[]\OML/cmm/m/it/10.95 ; \OML/cmm/b/it/10.95 ^^V[
]\OT1/cmr/m/n/10.95 ) \OMS/cmsy/m/n/10.95 2 [][] []\OT1/cmr/m/n/10.95 (\OML/cmm
/b/it/10.95 ^^U\OML/cmm/m/it/10.95 ; \OML/cmm/b/it/10.95 ^^V[]\OML/cmm/m/it/10.
95 ; \OML/cmm/b/it/10.95 ^^V[]\OT1/cmr/m/n/10.95 ; \OML/cmm/b/it/10.95 x[]\OT1/
cmr/m/n/10.95 )$\T1/ptm/m/n/11 . Note that the func-tion $[]\OT1/cmr/m/n/10.95 
(\OML/cmm/b/it/10.95 ^^U\OML/cmm/m/it/10.95 ; \OML/cmm/b/it/10.95 ^^V[]\OML/cmm
/m/it/10.95 ; \OML/cmm/b/it/10.95 ^^V[]\OT1/cmr/m/n/10.95 ; \OML/cmm/b/it/10.95
 x\OT1/cmr/m/n/10.95 )$
 []

[42]
Overfull \hbox (23.74046pt too wide) detected at line 2192
[]
 []


Overfull \hbox (23.74046pt too wide) in alignment at lines 2191--2192
[] [] 
 []


Underfull \hbox (badness 1009) in paragraph at lines 2192--2194
\T1/ptm/m/n/11 Using Lemma [][]23[][], equa-tions ([][]B.15[][]), ([][]B.16[][]
) and ([][]B.17[][]), and $\OML/cmm/b/it/10.95 Q[] \OMS/cmsy/m/n/10.95 ^^W []\O
ML/cmm/b/it/10.95 I$\T1/ptm/m/n/11 , we have
 []

[43] [44]
Overfull \hbox (47.67947pt too wide) detected at line 2310
[]
 []


Overfull \hbox (47.67947pt too wide) in alignment at lines 2309--2310
[] [] 
 []

[45]
Overfull \hbox (12.04312pt too wide) in paragraph at lines 2318--2320
\T1/ptm/m/n/11 for some $\OML/cmm/m/it/10.95 C > \OT1/cmr/m/n/10.95 0$\T1/ptm/m
/n/11 . The facts that $[][] \OT1/cmr/m/n/10.95 = [][] \OMS/cmsy/m/n/10.95 ^^T 
\OML/cmm/m/it/10.95 C[]$ \T1/ptm/m/n/11 and $[][] \OMS/cmsy/m/n/10.95 ^^T
 []


Overfull \hbox (76.63701pt too wide) detected at line 2334
[]
 []


Overfull \hbox (76.63701pt too wide) in alignment at lines 2333--2334
[] [] 
 []


Overfull \hbox (61.13771pt too wide) in paragraph at lines 2337--2339
\OT1/cmr/m/n/10.95 2$\T1/ptm/m/n/11 , $\OML/cmm/m/it/10.95 p \OT1/cmr/m/n/10.95
 = 4 \OMS/cmsy/m/n/10.95 ^^@ \OML/cmm/m/it/10.95 "$ \T1/ptm/m/n/11 for any suf-
fi-ciently small $\OML/cmm/m/it/10.95 " > \OT1/cmr/m/n/10.95 0$\T1/ptm/m/n/11 ,
 and $\OML/cmm/m/it/10.95 X[] \OT1/cmr/m/n/10.95 = [] \OML/cmm/m/it/10.95 ^^L[]
[]=[] []$\T1/ptm/m/n/11 ,
 []

[46]
Underfull \hbox (badness 857) in paragraph at lines 2349--2350
[]\T1/ptm/m/n/11 The LICQ con-di-tion im-plies that columns of $\OT1/cmr/m/n/10
.95 [\OMS/cmsy/m/n/10.95 r\OML/cmm/b/it/10.95 c\OT1/cmr/m/n/10.95 (\OML/cmm/b/i
t/10.95 x[]\OT1/cmr/m/n/10.95 )\OML/cmm/m/it/10.95 ; \OT1/cmr/m/n/10.95 [\OMS/c
msy/m/n/10.95 ^^@\OML/cmm/b/it/10.95 I\OT1/cmr/m/n/10.95 ][]\OML/cmm/m/it/10.95
 ; \OT1/cmr/m/n/10.95 [\OML/cmm/b/it/10.95 I\OT1/cmr/m/n/10.95 ][]]$ \T1/ptm/m/
n/11 are lin-
 []


Overfull \hbox (2.40326pt too wide) in paragraph at lines 2372--2374
\T1/ptm/m/n/11 then $\OML/cmm/b/it/10.95 ^^U[] \OMS/cmsy/m/n/10.95 ! \OML/cmm/b
/it/10.95 ^^U[]$ \T1/ptm/m/n/11 al-most surely. Sim-i-lar con-ver-gence re-sult
s hold for $\OT1/cmr/m/n/10.95 ([\OML/cmm/b/it/10.95 ^^V[]\OT1/cmr/m/n/10.95 ][
]\OML/cmm/m/it/10.95 ; \OT1/cmr/m/n/10.95 [\OML/cmm/b/it/10.95 ^^V[]\OT1/cmr/m/
n/10.95 ][]) \OMS/cmsy/m/n/10.95 !
 []


Overfull \hbox (10.91656pt too wide) detected at line 2389
[]
 []


Overfull \hbox (10.91656pt too wide) in alignment at lines 2388--2389
[] [] 
 []

[47] [48]
Overfull \hbox (93.25388pt too wide) detected at line 2585
[]
 []


Overfull \hbox (93.25388pt too wide) in alignment at lines 2584--2585
[] [] 
 []

[49] [50]
Overfull \hbox (80.42809pt too wide) detected at line 2675
[]
 []


Overfull \hbox (80.42809pt too wide) in alignment at lines 2674--2675
[] [] 
 []


Underfull \hbox (badness 1019) in paragraph at lines 2675--2677
\T1/ptm/m/n/11 Note that $\U/msb/m/n/11 E [] \OMS/cmsy/m/n/10.95 ^^T \OML/cmm/m
/it/10.95 M[] [][] [][] [][] ^^L[] \OMS/cmsy/m/n/10.95 ^^T \OT1/cmr/m/n/10.95 2
\OML/cmm/m/it/10.95 M[]^^L[]$ \T1/ptm/m/n/11 and $[][] \OMS/cmsy/m/n/10.95 ^^T
 []

[51]
Overfull \hbox (53.30986pt too wide) detected at line 2761
[]
 []


Overfull \hbox (53.30986pt too wide) in alignment at lines 2760--2761
[] [] 
 []

[52]
Overfull \hbox (97.52449pt too wide) detected at line 2787
[]
 []


Overfull \hbox (97.52449pt too wide) in alignment at lines 2786--2787
[] [] 
 []


Overfull \hbox (120.94777pt too wide) detected at line 2799
[]
 []


Overfull \hbox (120.94777pt too wide) in alignment at lines 2798--2799
[] [] 
 []

[53]
Underfull \hbox (badness 1383) in paragraph at lines 2799--2801
\T1/ptm/m/n/11 Here, the fact that $\U/msb/m/n/11 E [] \OMS/cmsy/m/n/10.95 ^^T 
\OT1/cmr/m/n/10.95 2\U/msb/m/n/11 E [] \OT1/cmr/m/n/10.95 = \OMS/cmsy/m/n/10.95
 O []$ \T1/ptm/m/n/11 im-
 []

[54]
Overfull \hbox (15.41139pt too wide) detected at line 2847
[]
 []


Overfull \hbox (15.41139pt too wide) in alignment at lines 2846--2847
[] [] 
 []


Overfull \hbox (86.48094pt too wide) in paragraph at lines 2847--2850
\T1/ptm/m/n/11 the small-est $\OML/cmm/m/it/10.95 `[]$\T1/ptm/m/n/11 -norm such
 that $\OML/cmm/b/it/10.95 B[]$ \T1/ptm/m/n/11 is pos-i-tive def-i-nite, then $
[][] \OMS/cmsy/m/n/10.95 ^^T [][]$\T1/ptm/m/n/11 .
 []


Overfull \hbox (55.70688pt too wide) detected at line 2873
[]
 []


Overfull \hbox (55.70688pt too wide) in alignment at lines 2872--2873
[] [] 
 []


Overfull \hbox (37.27365pt too wide) detected at line 2909
\OML/cmm/b/it/10.95 v[] \OT1/cmr/m/n/10.95 = [] \OML/cmm/m/it/10.95 ;  []and []
\OML/cmm/b/it/10.95 v[] \OT1/cmr/m/n/10.95 = [] = \OT1/cmr/bx/n/10.95 0\OML/cmm
/m/it/10.95 :
 []

[55]
Overfull \hbox (19.58215pt too wide) detected at line 2940
[]
 []


Overfull \hbox (19.58215pt too wide) in alignment at lines 2939--2940
[] [] 
 []


Overfull \hbox (25.35362pt too wide) in paragraph at lines 2942--2943
\T1/ptm/m/n/11 We slightly mod-ify ([][]C.16[][]) that $[][] \OMS/cmsy/m/n/10.9
5 ^^T \OT1/cmr/m/n/10.95 ^^G[] [][]$\T1/ptm/m/n/11 , we have $[][] \OT1/cmr/m/n
/10.95 = \OML/cmm/m/it/10.95 o [] \OT1/cmr/m/n/10.95 =
 []

[56]
Overfull \hbox (3.70497pt too wide) detected at line 2985
[]
 []


Overfull \hbox (3.70497pt too wide) in alignment at lines 2984--2985
[] [] 
 []


Overfull \hbox (54.57317pt too wide) detected at line 2993
[]
 []


Overfull \hbox (54.57317pt too wide) in alignment at lines 2992--2993
[] [] 
 []

[57]
Overfull \hbox (5.90959pt too wide) detected at line 3080
[]
 []


Overfull \hbox (5.90959pt too wide) in alignment at lines 3079--3080
[] [] 
 []


Overfull \hbox (124.41713pt too wide) detected at line 3099
[]
 []


Overfull \hbox (124.41713pt too wide) in alignment at lines 3098--3099
[] [] 
 []


Overfull \hbox (82.34734pt too wide) detected at line 3111
[]
 []


Overfull \hbox (82.34734pt too wide) in alignment at lines 3110--3111
[] [] 
 []

[58]
Overfull \hbox (10.06393pt too wide) in paragraph at lines 3135--3137
\T1/ptm/m/n/11 and unit 3-moment, i.e., $\U/msb/m/n/11 E [] \OT1/cmr/m/n/10.95 
= 1$ \T1/ptm/m/n/11 for all $\OML/cmm/m/it/10.95 i \OMS/cmsy/m/n/10.95 2 \U/msb
/m/n/11 N$\T1/ptm/m/n/11 , then $[][] \OML/cmm/m/it/10.95 a[] \OT1/cmr/m/n/10.9
5 = \U/msb/m/n/11 E []$\T1/ptm/m/n/11 .
 []

[59]
Overfull \hbox (95.72633pt too wide) detected at line 3150
[]
 []


Overfull \hbox (95.72633pt too wide) in alignment at lines 3149--3150
[] [] 
 []

[60] [61]
Overfull \hbox (1.67548pt too wide) detected at line 3218
[][] \OT1/cmr/m/n/10.95 = \OML/cmm/m/it/10.95 o [] ;
 []


Overfull \hbox (29.22563pt too wide) detected at line 3222
[][] \OMS/cmsy/m/n/10.95 ^^T [][] \OT1/cmr/m/n/10.95 + [][] \OML/cmm/m/it/10.95
 ;
 []

(./main.bbl [62]
Underfull \hbox (badness 995) in paragraph at lines 357--368
[]\T1/ptm/m/sc/9 Fang, Y.\T1/ptm/m/n/9 , \T1/ptm/m/sc/9 Na, S.\T1/ptm/m/n/9 , \
T1/ptm/m/sc/9 Ma-honey, M. W. \T1/ptm/m/n/9 and \T1/ptm/m/sc/9 Ko-lar, M. \T1/p
tm/m/n/9 (2022). Fully stochas-tic trust-region se-
 []


Underfull \hbox (badness 857) in paragraph at lines 357--368
\T1/ptm/m/n/9 quen-tial quadratic pro-gram-ming for equality-constrained op-ti-
miza-tion prob-lems. \T1/ptm/m/it/9 arXiv preprint
 []

[63] [64])

Package natbib Warning: There were undefined citations.

[65] (./main.aux)

LaTeX Font Warning: Size substitutions with differences
(Font)              up to 0.5pt have occurred.


LaTeX Warning: There were undefined references.

Package rerunfilecheck Info: File `main.out' has not changed.
(rerunfilecheck)             Checksum: A0D1430E5F75E9A4846BB1D6903CCC3A;7244.
 ) 
Here is how much of TeX's memory you used:
 43459 strings out of 476025
 998162 string characters out of 5790017
 1916388 words of memory out of 5000000
 62767 multiletter control sequences out of 15000+600000
 593469 words of font info for 131 fonts, out of 8000000 for 9000
 1141 hyphenation exceptions out of 8191
 99i,25n,103p,2833b,974s stack positions out of 10000i,1000n,20000p,200000b,200000s
</usr/local/texlive/2023/texmf-dist/fonts/type1/public/amsfonts/cm/cmbx10.pfb
></usr/local/texlive/2023/texmf-dist/fonts/type1/public/amsfonts/cm/cmbx8.pfb><
/usr/local/texlive/2023/texmf-dist/fonts/type1/public/amsfonts/cm/cmbx9.pfb></u
sr/local/texlive/2023/texmf-dist/fonts/type1/public/amsfonts/cm/cmex10.pfb></us
r/local/texlive/2023/texmf-dist/fonts/type1/public/amsfonts/cmextra/cmex8.pfb><
/usr/local/texlive/2023/texmf-dist/fonts/type1/public/amsfonts/cmextra/cmex9.pf
b></usr/local/texlive/2023/texmf-dist/fonts/type1/public/amsfonts/cm/cmmi10.pfb
></usr/local/texlive/2023/texmf-dist/fonts/type1/public/amsfonts/cm/cmmi5.pfb><
/usr/local/texlive/2023/texmf-dist/fonts/type1/public/amsfonts/cm/cmmi6.pfb></u
sr/local/texlive/2023/texmf-dist/fonts/type1/public/amsfonts/cm/cmmi8.pfb></usr
/local/texlive/2023/texmf-dist/fonts/type1/public/amsfonts/cm/cmmi9.pfb></usr/l
ocal/texlive/2023/texmf-dist/fonts/type1/public/amsfonts/cm/cmmib10.pfb></usr/l
ocal/texlive/2023/texmf-dist/fonts/type1/public/amsfonts/cmextra/cmmib5.pfb></u
sr/local/texlive/2023/texmf-dist/fonts/type1/public/amsfonts/cmextra/cmmib8.pfb
></usr/local/texlive/2023/texmf-dist/fonts/type1/public/amsfonts/cmextra/cmmib9
.pfb></usr/local/texlive/2023/texmf-dist/fonts/type1/public/amsfonts/cm/cmr10.p
fb></usr/local/texlive/2023/texmf-dist/fonts/type1/public/amsfonts/cm/cmr5.pfb>
</usr/local/texlive/2023/texmf-dist/fonts/type1/public/amsfonts/cm/cmr6.pfb></u
sr/local/texlive/2023/texmf-dist/fonts/type1/public/amsfonts/cm/cmr8.pfb></usr/
local/texlive/2023/texmf-dist/fonts/type1/public/amsfonts/cm/cmr9.pfb></usr/loc
al/texlive/2023/texmf-dist/fonts/type1/public/amsfonts/cm/cmsy10.pfb></usr/loca
l/texlive/2023/texmf-dist/fonts/type1/public/amsfonts/cm/cmsy5.pfb></usr/local/
texlive/2023/texmf-dist/fonts/type1/public/amsfonts/cm/cmsy6.pfb></usr/local/te
xlive/2023/texmf-dist/fonts/type1/public/amsfonts/cm/cmsy8.pfb></usr/local/texl
ive/2023/texmf-dist/fonts/type1/public/amsfonts/cm/cmsy9.pfb></usr/local/texliv
e/2023/texmf-dist/fonts/type1/public/amsfonts/symbols/msbm10.pfb></usr/local/te
xlive/2023/texmf-dist/fonts/type1/public/amsfonts/symbols/msbm7.pfb></usr/local
/texlive/2023/texmf-dist/fonts/type1/urw/times/utmb8a.pfb></usr/local/texlive/2
023/texmf-dist/fonts/type1/urw/times/utmr8a.pfb></usr/local/texlive/2023/texmf-
dist/fonts/type1/urw/times/utmri8a.pfb>
Output written on main.pdf (65 pages, 733574 bytes).
PDF statistics:
 1726 PDF objects out of 1728 (max. 8388607)
 1376 compressed objects within 14 object streams
 395 named destinations out of 1000 (max. 500000)
 491 words of extra memory for PDF output out of 10000 (max. 10000000)

